<?xml version="1.0" encoding="utf-8"?>
<TestRun id="3e7ab2c6-74f0-44e9-b435-918bd0f0c1a1" name="varya@DESKTOP-3RCIOOK 2025-10-21 01:28:13" runUser="DESKTOP-3RCIOOK\varya" xmlns="http://microsoft.com/schemas/VisualStudio/TeamTest/2010">
  <Times creation="2025-10-21T01:28:13.9590596+03:00" queuing="2025-10-21T01:28:13.9590602+03:00" start="2025-10-21T01:28:08.5665087+03:00" finish="2025-10-21T01:28:14.0423635+03:00" />
  <TestSettings name="default" id="c243ba50-e25a-4cc7-bf6f-6444fc7ad745">
    <Deployment runDeploymentRoot="varya_DESKTOP-3RCIOOK_2025-10-21_01_28_13" />
  </TestSettings>
  <Results>
    <UnitTestResult executionId="14f79001-3e64-4da2-977c-ebf6725dd02b" testId="d8935c5d-7428-7833-0967-b2231209ff41" testName="IntegrationTests.AuthAndPlantsApiTests.Login_Then_GetPlants_Should_Return200" computerName="DESKTOP-3RCIOOK" duration="00:00:03.6104115" startTime="2025-10-21T01:28:10.2876458+03:00" endTime="2025-10-21T01:28:13.9108603+03:00" testType="13cdc9d9-ddb5-4fa4-a97d-d965ccfc6d4b" outcome="Passed" testListId="8c84fa94-04c1-424b-9868-57a2d4851a1d" relativeResultsDirectory="14f79001-3e64-4da2-977c-ebf6725dd02b" />
    <UnitTestResult executionId="0ae3f2d6-24ce-49c3-b66d-5621694edb0c" testId="2ec46314-1e74-3ca1-aca3-68333125952f" testName="IntegrationTests.AuthAndPlantsApiTests.GetPlants_WithoutAuth_Should_Return401" computerName="DESKTOP-3RCIOOK" duration="00:00:00.0132922" startTime="2025-10-21T01:28:13.9350717+03:00" endTime="2025-10-21T01:28:13.9363943+03:00" testType="13cdc9d9-ddb5-4fa4-a97d-d965ccfc6d4b" outcome="Passed" testListId="8c84fa94-04c1-424b-9868-57a2d4851a1d" relativeResultsDirectory="0ae3f2d6-24ce-49c3-b66d-5621694edb0c" />
  </Results>
  <TestDefinitions>
    <UnitTest name="IntegrationTests.AuthAndPlantsApiTests.GetPlants_WithoutAuth_Should_Return401" storage="c:\sem7\testing\src\integrationtests\bin\debug\net9.0\integrationtests.dll" id="2ec46314-1e74-3ca1-aca3-68333125952f">
      <Execution id="0ae3f2d6-24ce-49c3-b66d-5621694edb0c" />
      <TestMethod codeBase="C:\sem7\testing\src\IntegrationTests\bin\Debug\net9.0\IntegrationTests.dll" adapterTypeName="executor://xunit/VsTestRunner3/netcore/" className="IntegrationTests.AuthAndPlantsApiTests" name="GetPlants_WithoutAuth_Should_Return401" />
    </UnitTest>
    <UnitTest name="IntegrationTests.AuthAndPlantsApiTests.Login_Then_GetPlants_Should_Return200" storage="c:\sem7\testing\src\integrationtests\bin\debug\net9.0\integrationtests.dll" id="d8935c5d-7428-7833-0967-b2231209ff41">
      <Execution id="14f79001-3e64-4da2-977c-ebf6725dd02b" />
      <TestMethod codeBase="C:\sem7\testing\src\IntegrationTests\bin\Debug\net9.0\IntegrationTests.dll" adapterTypeName="executor://xunit/VsTestRunner3/netcore/" className="IntegrationTests.AuthAndPlantsApiTests" name="Login_Then_GetPlants_Should_Return200" />
    </UnitTest>
  </TestDefinitions>
  <TestEntries>
    <TestEntry testId="d8935c5d-7428-7833-0967-b2231209ff41" executionId="14f79001-3e64-4da2-977c-ebf6725dd02b" testListId="8c84fa94-04c1-424b-9868-57a2d4851a1d" />
    <TestEntry testId="2ec46314-1e74-3ca1-aca3-68333125952f" executionId="0ae3f2d6-24ce-49c3-b66d-5621694edb0c" testListId="8c84fa94-04c1-424b-9868-57a2d4851a1d" />
  </TestEntries>
  <TestLists>
    <TestList name="Список результатов" id="8c84fa94-04c1-424b-9868-57a2d4851a1d" />
    <TestList name="Все загруженные результаты" id="19431567-8539-422a-85d7-44ee4e166bda" />
  </TestLists>
  <ResultSummary outcome="Completed">
    <Counters total="2" executed="2" passed="2" failed="0" error="0" timeout="0" aborted="0" inconclusive="0" passedButRunAborted="0" notRunnable="0" notExecuted="0" disconnected="0" warning="0" completed="0" inProgress="0" pending="0" />
    <Output>
      <StdOut>[xUnit.net 00:00:00.00] xUnit.net VSTest Adapter v3.0.0+e341b939fe (64-bit .NET 9.0.9)&#xD;
[xUnit.net 00:00:00.34]   Discovering: IntegrationTests&#xD;
[xUnit.net 00:00:00.42]   Discovered:  IntegrationTests&#xD;
[xUnit.net 00:00:00.45]   Starting:    IntegrationTests&#xD;
[01:28:12 INF] Executed DbCommand (48ms) [Parameters=[], CommandType='Text', CommandTimeout='30']&#xD;
SELECT CASE WHEN COUNT(*) = 0 THEN FALSE ELSE TRUE END&#xD;
FROM pg_class AS cls&#xD;
JOIN pg_namespace AS ns ON ns.oid = cls.relnamespace&#xD;
WHERE&#xD;
        cls.relkind IN ('r', 'v', 'm', 'f', 'p') AND&#xD;
        ns.nspname NOT IN ('pg_catalog', 'information_schema') AND&#xD;
        -- Exclude tables which are members of PG extensions&#xD;
        NOT EXISTS (&#xD;
            SELECT 1 FROM pg_depend WHERE&#xD;
                classid=(&#xD;
                    SELECT cls.oid&#xD;
                    FROM pg_class AS cls&#xD;
                             JOIN pg_namespace AS ns ON ns.oid = cls.relnamespace&#xD;
                    WHERE relname='pg_class' AND ns.nspname='pg_catalog'&#xD;
                ) AND&#xD;
                objid=cls.oid AND&#xD;
                deptype IN ('e', 'x')&#xD;
        )&#xD;
[01:28:12 INF] Executed DbCommand (3ms) [Parameters=[], CommandType='Text', CommandTimeout='30']&#xD;
SELECT EXISTS (&#xD;
    SELECT 1&#xD;
    FROM "AuthUsers" AS a)&#xD;
[01:28:12 INF] User profile is available. Using 'C:\Users\varya\AppData\Local\ASP.NET\DataProtection-Keys' as key repository and Windows DPAPI to encrypt keys at rest.&#xD;
[01:28:12 INF] Now listening on: http://localhost:5097&#xD;
[01:28:12 INF] Request starting HTTP/1.1 POST http://localhost/api/v1/auth/login - application/json; charset=utf-8 49&#xD;
[01:28:12 WRN] Failed to determine the https port for redirect.&#xD;
[01:28:12 INF] Executing endpoint 'Server.Controllers.AuthController.Login (Server)'&#xD;
[01:28:12 INF] Route matched with {action = "Login", controller = "Auth"}. Executing controller action with signature System.Threading.Tasks.Task`1[Microsoft.AspNetCore.Mvc.IActionResult] Login(Server.Controllers.LoginRequest) on controller Server.Controllers.AuthController (Server).&#xD;
[01:28:12 INF] ??????? ?????????????? ????????????: admin@gh.com&#xD;
[01:28:13 INF] Executed DbCommand (17ms) [Parameters=[@__username_0='?'], CommandType='Text', CommandTimeout='30']&#xD;
SELECT a."Id", a."PasswordHash", a."Role", a."Username"&#xD;
FROM "AuthUsers" AS a&#xD;
WHERE a."Username" = @__username_0&#xD;
LIMIT 1&#xD;
[01:28:13 INF] ????????? JWT ?????? ??? ????????????: admin@gh.com&#xD;
[01:28:13 INF] JWT ????? ??????? ???????????? ??? ????????????: admin@gh.com&#xD;
[01:28:13 INF] ???????? ?????????????? ???????????? admin@gh.com&#xD;
[01:28:13 INF] ????????? ???????????? ?? ?????: admin@gh.com&#xD;
[01:28:13 INF] Executed DbCommand (2ms) [Parameters=[@__username_0='?'], CommandType='Text', CommandTimeout='30']&#xD;
SELECT a."Id", a."PasswordHash", a."Role", a."Username"&#xD;
FROM "AuthUsers" AS a&#xD;
WHERE a."Username" = @__username_0&#xD;
LIMIT 1&#xD;
[01:28:13 INF] ??????? ??????? ???????????? ? ?????? admin@gh.com&#xD;
[01:28:13 INF] Executing OkObjectResult, writing value of type 'Server.Controllers.LoginResponse'.&#xD;
[01:28:13 INF] Executed action Server.Controllers.AuthController.Login (Server) in 727.7701ms&#xD;
[01:28:13 INF] Executed endpoint 'Server.Controllers.AuthController.Login (Server)'&#xD;
[01:28:13 INF] Request finished HTTP/1.1 POST http://localhost/api/v1/auth/login - 200 null application/json; charset=utf-8 860.1632ms&#xD;
[01:28:13 INF] Request starting HTTP/1.1 GET http://localhost/api/v1/plants - null null&#xD;
[01:28:13 INF] Executing endpoint 'Server.Controllers.PlantController.GetPlants (Server)'&#xD;
[01:28:13 INF] Route matched with {action = "GetPlants", controller = "Plant"}. Executing controller action with signature System.Threading.Tasks.Task`1[Microsoft.AspNetCore.Mvc.IActionResult] GetPlants(System.String, System.String) on controller Server.Controllers.PlantController (Server).&#xD;
[01:28:13 INF] Retrieving all plants&#xD;
[01:28:13 INF] Executed DbCommand (5ms) [Parameters=[], CommandType='Text', CommandTimeout='30']&#xD;
SELECT p."Id", p."ClientId", p."Family", p."Flower", p."Fruit", p."Reproduction", p."Specie", c."Id", c."CompanyName", c."PhoneNumber"&#xD;
FROM "Plants" AS p&#xD;
INNER JOIN "Clients" AS c ON p."ClientId" = c."Id"&#xD;
[01:28:13 INF] Successfully retrieved 4 plants&#xD;
[01:28:13 INF] Executing OkObjectResult, writing value of type 'System.Linq.Enumerable+ListSelectIterator`2[[DataAccess.Models.PlantDb, DataAccess, Version=1.0.0.0, Culture=neutral, PublicKeyToken=null],[Domain.Models.Plant, Domain, Version=1.0.0.0, Culture=neutral, PublicKeyToken=null]]'.&#xD;
[01:28:13 INF] Executed action Server.Controllers.PlantController.GetPlants (Server) in 236.4836ms&#xD;
[01:28:13 INF] Executed endpoint 'Server.Controllers.PlantController.GetPlants (Server)'&#xD;
[01:28:13 INF] Request finished HTTP/1.1 GET http://localhost/api/v1/plants - 200 null application/json; charset=utf-8 300.5239ms&#xD;
[01:28:13 INF] Request starting HTTP/1.1 GET http://localhost/api/v1/plants - null null&#xD;
[01:28:13 INF] Authorization failed. These requirements were not met:&#xD;
DenyAnonymousAuthorizationRequirement: Requires an authenticated user.&#xD;
[01:28:13 INF] AuthenticationScheme: Bearer was challenged.&#xD;
[01:28:13 INF] Request finished HTTP/1.1 GET http://localhost/api/v1/plants - 401 null null 9.6836ms&#xD;
[xUnit.net 00:00:04.15]   Finished:    IntegrationTests&#xD;
</StdOut>
    </Output>
  </ResultSummary>
</TestRun>