<?xml version="1.0" encoding="utf-8"?>
<TestRun id="8b263506-5c27-416b-8e22-ca1618458e46" name="varya@DESKTOP-3RCIOOK 2025-10-20 23:46:37" runUser="DESKTOP-3RCIOOK\varya" xmlns="http://microsoft.com/schemas/VisualStudio/TeamTest/2010">
  <Times creation="2025-10-20T23:46:37.0705427+03:00" queuing="2025-10-20T23:46:37.0705429+03:00" start="2025-10-20T23:46:34.1050342+03:00" finish="2025-10-20T23:46:37.0753375+03:00" />
  <TestSettings name="default" id="ed3219c9-8697-43b0-aecf-2baf375c222f">
    <Deployment runDeploymentRoot="varya_DESKTOP-3RCIOOK_2025-10-20_23_46_37" />
  </TestSettings>
  <Results>
    <UnitTestResult executionId="7cab7922-24e1-474d-87a6-7a9879d0d2ff" testId="1e169e8b-d417-3854-8756-4eba90d51a7a" testName="E2ETests.AdminDemoE2ETests.Unauthorized_Access_Demo_Should_Be_Blocked" computerName="DESKTOP-3RCIOOK" duration="00:00:00.0098831" startTime="2025-10-20T23:46:36.9754095+03:00" endTime="2025-10-20T23:46:36.9797745+03:00" testType="13cdc9d9-ddb5-4fa4-a97d-d965ccfc6d4b" outcome="Passed" testListId="8c84fa94-04c1-424b-9868-57a2d4851a1d" relativeResultsDirectory="7cab7922-24e1-474d-87a6-7a9879d0d2ff" />
    <UnitTestResult executionId="260d90c2-ed40-485a-807a-f7e6c87662f8" testId="0a741852-fde1-a2a1-bff6-a69e175f7e34" testName="E2ETests.AdminDemoE2ETests.Administrator_Complete_Journey_Demo_Should_Succeed" computerName="DESKTOP-3RCIOOK" duration="00:00:02.3061780" startTime="2025-10-20T23:46:34.6530737+03:00" endTime="2025-10-20T23:46:36.9676505+03:00" testType="13cdc9d9-ddb5-4fa4-a97d-d965ccfc6d4b" outcome="Passed" testListId="8c84fa94-04c1-424b-9868-57a2d4851a1d" relativeResultsDirectory="260d90c2-ed40-485a-807a-f7e6c87662f8" />
  </Results>
  <TestDefinitions>
    <UnitTest name="E2ETests.AdminDemoE2ETests.Administrator_Complete_Journey_Demo_Should_Succeed" storage="c:\sem7\testing\src\e2etests\bin\release\net9.0\e2etests.dll" id="0a741852-fde1-a2a1-bff6-a69e175f7e34">
      <Execution id="260d90c2-ed40-485a-807a-f7e6c87662f8" />
      <TestMethod codeBase="C:\sem7\testing\src\E2ETests\bin\Release\net9.0\E2ETests.dll" adapterTypeName="executor://xunit/VsTestRunner3/netcore/" className="E2ETests.AdminDemoE2ETests" name="Administrator_Complete_Journey_Demo_Should_Succeed" />
    </UnitTest>
    <UnitTest name="E2ETests.AdminDemoE2ETests.Unauthorized_Access_Demo_Should_Be_Blocked" storage="c:\sem7\testing\src\e2etests\bin\release\net9.0\e2etests.dll" id="1e169e8b-d417-3854-8756-4eba90d51a7a">
      <Execution id="7cab7922-24e1-474d-87a6-7a9879d0d2ff" />
      <TestMethod codeBase="C:\sem7\testing\src\E2ETests\bin\Release\net9.0\E2ETests.dll" adapterTypeName="executor://xunit/VsTestRunner3/netcore/" className="E2ETests.AdminDemoE2ETests" name="Unauthorized_Access_Demo_Should_Be_Blocked" />
    </UnitTest>
  </TestDefinitions>
  <TestEntries>
    <TestEntry testId="1e169e8b-d417-3854-8756-4eba90d51a7a" executionId="7cab7922-24e1-474d-87a6-7a9879d0d2ff" testListId="8c84fa94-04c1-424b-9868-57a2d4851a1d" />
    <TestEntry testId="0a741852-fde1-a2a1-bff6-a69e175f7e34" executionId="260d90c2-ed40-485a-807a-f7e6c87662f8" testListId="8c84fa94-04c1-424b-9868-57a2d4851a1d" />
  </TestEntries>
  <TestLists>
    <TestList name="Список результатов" id="8c84fa94-04c1-424b-9868-57a2d4851a1d" />
    <TestList name="Все загруженные результаты" id="19431567-8539-422a-85d7-44ee4e166bda" />
  </TestLists>
  <ResultSummary outcome="Completed">
    <Counters total="2" executed="2" passed="2" failed="0" error="0" timeout="0" aborted="0" inconclusive="0" passedButRunAborted="0" notRunnable="0" notExecuted="0" disconnected="0" warning="0" completed="0" inProgress="0" pending="0" />
    <Output>
      <StdOut>[xUnit.net 00:00:00.00] xUnit.net VSTest Adapter v3.0.0+e341b939fe (64-bit .NET 9.0.9)&#xD;
[xUnit.net 00:00:00.07]   Discovering: E2ETests&#xD;
[xUnit.net 00:00:00.10]   Discovered:  E2ETests&#xD;
[xUnit.net 00:00:00.12]   Starting:    E2ETests&#xD;
[23:46:35 INF] Executed DbCommand (37ms) [Parameters=[], CommandType='Text', CommandTimeout='30']&#xD;
SELECT CASE WHEN COUNT(*) = 0 THEN FALSE ELSE TRUE END&#xD;
FROM pg_class AS cls&#xD;
JOIN pg_namespace AS ns ON ns.oid = cls.relnamespace&#xD;
WHERE&#xD;
        cls.relkind IN ('r', 'v', 'm', 'f', 'p') AND&#xD;
        ns.nspname NOT IN ('pg_catalog', 'information_schema') AND&#xD;
        -- Exclude tables which are members of PG extensions&#xD;
        NOT EXISTS (&#xD;
            SELECT 1 FROM pg_depend WHERE&#xD;
                classid=(&#xD;
                    SELECT cls.oid&#xD;
                    FROM pg_class AS cls&#xD;
                             JOIN pg_namespace AS ns ON ns.oid = cls.relnamespace&#xD;
                    WHERE relname='pg_class' AND ns.nspname='pg_catalog'&#xD;
                ) AND&#xD;
                objid=cls.oid AND&#xD;
                deptype IN ('e', 'x')&#xD;
        )&#xD;
[23:46:36 INF] Executed DbCommand (2ms) [Parameters=[], CommandType='Text', CommandTimeout='30']&#xD;
SELECT EXISTS (&#xD;
    SELECT 1&#xD;
    FROM "AuthUsers" AS a)&#xD;
[23:46:36 INF] User profile is available. Using 'C:\Users\varya\AppData\Local\ASP.NET\DataProtection-Keys' as key repository and Windows DPAPI to encrypt keys at rest.&#xD;
[23:46:36 INF] Now listening on: http://localhost:5097&#xD;
[23:46:36 INF] Request starting HTTP/1.1 POST http://localhost/api/v1/auth/login - application/json; charset=utf-8 49&#xD;
[23:46:36 WRN] Failed to determine the https port for redirect.&#xD;
[23:46:36 INF] Executing endpoint 'Server.Controllers.AuthController.Login (Server)'&#xD;
[23:46:36 INF] Route matched with {action = "Login", controller = "Auth"}. Executing controller action with signature System.Threading.Tasks.Task`1[Microsoft.AspNetCore.Mvc.IActionResult] Login(Server.Controllers.LoginRequest) on controller Server.Controllers.AuthController (Server).&#xD;
[23:46:36 INF] ??????? ?????????????? ????????????: admin@gh.com&#xD;
[23:46:36 INF] Executed DbCommand (14ms) [Parameters=[@__username_0='?'], CommandType='Text', CommandTimeout='30']&#xD;
SELECT a."Id", a."PasswordHash", a."Role", a."Username"&#xD;
FROM "AuthUsers" AS a&#xD;
WHERE a."Username" = @__username_0&#xD;
LIMIT 1&#xD;
[23:46:36 INF] ????????? JWT ?????? ??? ????????????: admin@gh.com&#xD;
[23:46:36 INF] JWT ????? ??????? ???????????? ??? ????????????: admin@gh.com&#xD;
[23:46:36 INF] ???????? ?????????????? ???????????? admin@gh.com&#xD;
[23:46:36 INF] ????????? ???????????? ?? ?????: admin@gh.com&#xD;
[23:46:36 INF] Executed DbCommand (1ms) [Parameters=[@__username_0='?'], CommandType='Text', CommandTimeout='30']&#xD;
SELECT a."Id", a."PasswordHash", a."Role", a."Username"&#xD;
FROM "AuthUsers" AS a&#xD;
WHERE a."Username" = @__username_0&#xD;
LIMIT 1&#xD;
[23:46:36 INF] ??????? ??????? ???????????? ? ?????? admin@gh.com&#xD;
[23:46:36 INF] Executing OkObjectResult, writing value of type 'Server.Controllers.LoginResponse'.&#xD;
[23:46:36 INF] Executed action Server.Controllers.AuthController.Login (Server) in 499.1685ms&#xD;
[23:46:36 INF] Executed endpoint 'Server.Controllers.AuthController.Login (Server)'&#xD;
[23:46:36 INF] Request finished HTTP/1.1 POST http://localhost/api/v1/auth/login - 200 null application/json; charset=utf-8 604.2471ms&#xD;
[23:46:36 INF] Request starting HTTP/1.1 GET http://localhost/api/v1/clients - null null&#xD;
[23:46:36 INF] Executing endpoint 'Server.Controllers.ClientController.GetClients (Server)'&#xD;
[23:46:36 INF] Route matched with {action = "GetClients", controller = "Client"}. Executing controller action with signature System.Threading.Tasks.Task`1[Microsoft.AspNetCore.Mvc.IActionResult] GetClients(System.String, System.String) on controller Server.Controllers.ClientController (Server).&#xD;
[23:46:36 INF] Retrieving all clients&#xD;
[23:46:36 INF] Executed DbCommand (1ms) [Parameters=[], CommandType='Text', CommandTimeout='30']&#xD;
SELECT c."Id", c."CompanyName", c."PhoneNumber"&#xD;
FROM "Clients" AS c&#xD;
[23:46:36 INF] Successfully retrieved 1 clients&#xD;
[23:46:36 INF] Executing OkObjectResult, writing value of type 'System.Linq.Enumerable+ListSelectIterator`2[[DataAccess.Models.ClientDb, DataAccess, Version=1.0.0.0, Culture=neutral, PublicKeyToken=null],[Domain.Models.Client, Domain, Version=1.0.0.0, Culture=neutral, PublicKeyToken=null]]'.&#xD;
[23:46:36 INF] Executed action Server.Controllers.ClientController.GetClients (Server) in 75.2807ms&#xD;
[23:46:36 INF] Executed endpoint 'Server.Controllers.ClientController.GetClients (Server)'&#xD;
[23:46:36 INF] Request finished HTTP/1.1 GET http://localhost/api/v1/clients - 200 null application/json; charset=utf-8 110.137ms&#xD;
[23:46:36 INF] Request starting HTTP/1.1 GET http://localhost/api/v1/administrators - null null&#xD;
[23:46:36 INF] Executing endpoint 'Server.Controllers.AdministratorController.GetAllAdministrators (Server)'&#xD;
[23:46:36 INF] Route matched with {action = "GetAllAdministrators", controller = "Administrator"}. Executing controller action with signature System.Threading.Tasks.Task`1[Microsoft.AspNetCore.Mvc.IActionResult] GetAllAdministrators(System.String, System.String, System.String, System.String) on controller Server.Controllers.AdministratorController (Server).&#xD;
[23:46:36 INF] Retrieving all administrators&#xD;
[23:46:36 INF] Executed DbCommand (1ms) [Parameters=[], CommandType='Text', CommandTimeout='30']&#xD;
SELECT a."Id", a."Name", a."Patronymic", a."PhoneNumber", a."Surname", a."Username"&#xD;
FROM "Administrators" AS a&#xD;
[23:46:36 INF] Successfully retrieved 3 administrators&#xD;
[23:46:36 INF] Executing OkObjectResult, writing value of type 'System.Linq.Enumerable+ListSelectIterator`2[[DataAccess.Models.AdministratorDb, DataAccess, Version=1.0.0.0, Culture=neutral, PublicKeyToken=null],[Domain.Models.Administrator, Domain, Version=1.0.0.0, Culture=neutral, PublicKeyToken=null]]'.&#xD;
[23:46:36 INF] Executed action Server.Controllers.AdministratorController.GetAllAdministrators (Server) in 26.4182ms&#xD;
[23:46:36 INF] Executed endpoint 'Server.Controllers.AdministratorController.GetAllAdministrators (Server)'&#xD;
[23:46:36 INF] Request finished HTTP/1.1 GET http://localhost/api/v1/administrators - 200 null application/json; charset=utf-8 32.5964ms&#xD;
[23:46:36 INF] Request starting HTTP/1.1 GET http://localhost/api/v1/employees - null null&#xD;
[23:46:36 INF] Executing endpoint 'Server.Controllers.EmployeeController.GetEmployees (Server)'&#xD;
[23:46:36 INF] Route matched with {action = "GetEmployees", controller = "Employee"}. Executing controller action with signature System.Threading.Tasks.Task`1[Microsoft.AspNetCore.Mvc.IActionResult] GetEmployees(System.String, System.String, System.String) on controller Server.Controllers.EmployeeController (Server).&#xD;
[23:46:36 INF] Retrieving all employees&#xD;
[23:46:36 INF] Executed DbCommand (1ms) [Parameters=[], CommandType='Text', CommandTimeout='30']&#xD;
SELECT e."Id", e."AdministratorId", e."Name", e."Patronymic", e."PhoneNumber", e."PlantDomain", e."Surname", e."Task"&#xD;
FROM "Employees" AS e&#xD;
[23:46:36 INF] Successfully retrieved 2 employees&#xD;
[23:46:36 INF] Executing OkObjectResult, writing value of type 'System.Linq.Enumerable+ListSelectIterator`2[[DataAccess.Models.EmployeeDb, DataAccess, Version=1.0.0.0, Culture=neutral, PublicKeyToken=null],[Domain.Models.Employee, Domain, Version=1.0.0.0, Culture=neutral, PublicKeyToken=null]]'.&#xD;
[23:46:36 INF] Executed action Server.Controllers.EmployeeController.GetEmployees (Server) in 17.1138ms&#xD;
[23:46:36 INF] Executed endpoint 'Server.Controllers.EmployeeController.GetEmployees (Server)'&#xD;
[23:46:36 INF] Request finished HTTP/1.1 GET http://localhost/api/v1/employees - 200 null application/json; charset=utf-8 22.2203ms&#xD;
[23:46:36 INF] Request starting HTTP/1.1 GET http://localhost/api/v1/administrators - null null&#xD;
[23:46:36 INF] Authorization failed. These requirements were not met:&#xD;
RolesAuthorizationRequirement:User.IsInRole must be true for one of the following roles: (Administrator)&#xD;
RolesAuthorizationRequirement:User.IsInRole must be true for one of the following roles: (Administrator)&#xD;
[23:46:36 INF] AuthenticationScheme: Bearer was challenged.&#xD;
[23:46:36 INF] Request finished HTTP/1.1 GET http://localhost/api/v1/administrators - 401 null null 5.0888ms&#xD;
[23:46:36 INF] Request starting HTTP/1.1 GET http://localhost/api/v1/clients - null null&#xD;
[23:46:36 INF] Authorization failed. These requirements were not met:&#xD;
RolesAuthorizationRequirement:User.IsInRole must be true for one of the following roles: (Administrator|Employee)&#xD;
[23:46:36 INF] AuthenticationScheme: Bearer was challenged.&#xD;
[23:46:36 INF] Request finished HTTP/1.1 GET http://localhost/api/v1/clients - 401 null null 0.996ms&#xD;
[23:46:36 INF] Request starting HTTP/1.1 GET http://localhost/api/v1/employees - null null&#xD;
[23:46:36 INF] Authorization failed. These requirements were not met:&#xD;
RolesAuthorizationRequirement:User.IsInRole must be true for one of the following roles: (Administrator|Employee)&#xD;
[23:46:36 INF] AuthenticationScheme: Bearer was challenged.&#xD;
[23:46:36 INF] Request finished HTTP/1.1 GET http://localhost/api/v1/employees - 401 null null 0.6191ms&#xD;
[xUnit.net 00:00:02.47]   Finished:    E2ETests&#xD;
</StdOut>
    </Output>
  </ResultSummary>
</TestRun>