<?xml version="1.0" encoding="utf-8"?>
<TestRun id="599113ec-bea8-46d6-b8eb-61913bc981e2" name="varya@DESKTOP-3RCIOOK 2025-10-20 23:46:22" runUser="DESKTOP-3RCIOOK\varya" xmlns="http://microsoft.com/schemas/VisualStudio/TeamTest/2010">
  <Times creation="2025-10-20T23:46:22.8989146+03:00" queuing="2025-10-20T23:46:22.8989154+03:00" start="2025-10-20T23:46:19.3565539+03:00" finish="2025-10-20T23:46:22.9100772+03:00" />
  <TestSettings name="default" id="ebf7d6ee-4149-4ba1-8325-742b9afe7ec4">
    <Deployment runDeploymentRoot="varya_DESKTOP-3RCIOOK_2025-10-20_23_46_22" />
  </TestSettings>
  <Results>
    <UnitTestResult executionId="5e3f4a9d-fd42-4709-b084-9cd00e9efa95" testId="2ec46314-1e74-3ca1-aca3-68333125952f" testName="IntegrationTests.AuthAndPlantsApiTests.GetPlants_WithoutAuth_Should_Return401" computerName="DESKTOP-3RCIOOK" duration="00:00:00.0121462" startTime="2025-10-20T23:46:22.7524237+03:00" endTime="2025-10-20T23:46:22.7580639+03:00" testType="13cdc9d9-ddb5-4fa4-a97d-d965ccfc6d4b" outcome="Passed" testListId="8c84fa94-04c1-424b-9868-57a2d4851a1d" relativeResultsDirectory="5e3f4a9d-fd42-4709-b084-9cd00e9efa95" />
    <UnitTestResult executionId="68632dbf-3f78-4705-90bb-03715c93eb99" testId="d8935c5d-7428-7833-0967-b2231209ff41" testName="IntegrationTests.AuthAndPlantsApiTests.Login_Then_GetPlants_Should_Return200" computerName="DESKTOP-3RCIOOK" duration="00:00:02.5136553" startTime="2025-10-20T23:46:20.2193548+03:00" endTime="2025-10-20T23:46:22.7432936+03:00" testType="13cdc9d9-ddb5-4fa4-a97d-d965ccfc6d4b" outcome="Passed" testListId="8c84fa94-04c1-424b-9868-57a2d4851a1d" relativeResultsDirectory="68632dbf-3f78-4705-90bb-03715c93eb99" />
  </Results>
  <TestDefinitions>
    <UnitTest name="IntegrationTests.AuthAndPlantsApiTests.GetPlants_WithoutAuth_Should_Return401" storage="c:\sem7\testing\src\integrationtests\bin\release\net9.0\integrationtests.dll" id="2ec46314-1e74-3ca1-aca3-68333125952f">
      <Execution id="5e3f4a9d-fd42-4709-b084-9cd00e9efa95" />
      <TestMethod codeBase="C:\sem7\testing\src\IntegrationTests\bin\Release\net9.0\IntegrationTests.dll" adapterTypeName="executor://xunit/VsTestRunner3/netcore/" className="IntegrationTests.AuthAndPlantsApiTests" name="GetPlants_WithoutAuth_Should_Return401" />
    </UnitTest>
    <UnitTest name="IntegrationTests.AuthAndPlantsApiTests.Login_Then_GetPlants_Should_Return200" storage="c:\sem7\testing\src\integrationtests\bin\release\net9.0\integrationtests.dll" id="d8935c5d-7428-7833-0967-b2231209ff41">
      <Execution id="68632dbf-3f78-4705-90bb-03715c93eb99" />
      <TestMethod codeBase="C:\sem7\testing\src\IntegrationTests\bin\Release\net9.0\IntegrationTests.dll" adapterTypeName="executor://xunit/VsTestRunner3/netcore/" className="IntegrationTests.AuthAndPlantsApiTests" name="Login_Then_GetPlants_Should_Return200" />
    </UnitTest>
  </TestDefinitions>
  <TestEntries>
    <TestEntry testId="2ec46314-1e74-3ca1-aca3-68333125952f" executionId="5e3f4a9d-fd42-4709-b084-9cd00e9efa95" testListId="8c84fa94-04c1-424b-9868-57a2d4851a1d" />
    <TestEntry testId="d8935c5d-7428-7833-0967-b2231209ff41" executionId="68632dbf-3f78-4705-90bb-03715c93eb99" testListId="8c84fa94-04c1-424b-9868-57a2d4851a1d" />
  </TestEntries>
  <TestLists>
    <TestList name="Список результатов" id="8c84fa94-04c1-424b-9868-57a2d4851a1d" />
    <TestList name="Все загруженные результаты" id="19431567-8539-422a-85d7-44ee4e166bda" />
  </TestLists>
  <ResultSummary outcome="Completed">
    <Counters total="2" executed="2" passed="2" failed="0" error="0" timeout="0" aborted="0" inconclusive="0" passedButRunAborted="0" notRunnable="0" notExecuted="0" disconnected="0" warning="0" completed="0" inProgress="0" pending="0" />
    <Output>
      <StdOut>[xUnit.net 00:00:00.00] xUnit.net VSTest Adapter v3.0.0+e341b939fe (64-bit .NET 9.0.9)&#xD;
[xUnit.net 00:00:00.21]   Discovering: IntegrationTests&#xD;
[xUnit.net 00:00:00.24]   Discovered:  IntegrationTests&#xD;
[xUnit.net 00:00:00.26]   Starting:    IntegrationTests&#xD;
[23:46:21 INF] Executed DbCommand (41ms) [Parameters=[], CommandType='Text', CommandTimeout='30']&#xD;
SELECT CASE WHEN COUNT(*) = 0 THEN FALSE ELSE TRUE END&#xD;
FROM pg_class AS cls&#xD;
JOIN pg_namespace AS ns ON ns.oid = cls.relnamespace&#xD;
WHERE&#xD;
        cls.relkind IN ('r', 'v', 'm', 'f', 'p') AND&#xD;
        ns.nspname NOT IN ('pg_catalog', 'information_schema') AND&#xD;
        -- Exclude tables which are members of PG extensions&#xD;
        NOT EXISTS (&#xD;
            SELECT 1 FROM pg_depend WHERE&#xD;
                classid=(&#xD;
                    SELECT cls.oid&#xD;
                    FROM pg_class AS cls&#xD;
                             JOIN pg_namespace AS ns ON ns.oid = cls.relnamespace&#xD;
                    WHERE relname='pg_class' AND ns.nspname='pg_catalog'&#xD;
                ) AND&#xD;
                objid=cls.oid AND&#xD;
                deptype IN ('e', 'x')&#xD;
        )&#xD;
[23:46:21 INF] Executed DbCommand (3ms) [Parameters=[], CommandType='Text', CommandTimeout='30']&#xD;
SELECT EXISTS (&#xD;
    SELECT 1&#xD;
    FROM "AuthUsers" AS a)&#xD;
[23:46:21 INF] User profile is available. Using 'C:\Users\varya\AppData\Local\ASP.NET\DataProtection-Keys' as key repository and Windows DPAPI to encrypt keys at rest.&#xD;
[23:46:21 INF] Now listening on: http://localhost:5097&#xD;
[23:46:21 INF] Request starting HTTP/1.1 POST http://localhost/api/v1/auth/login - application/json; charset=utf-8 49&#xD;
[23:46:21 WRN] Failed to determine the https port for redirect.&#xD;
[23:46:21 INF] Executing endpoint 'Server.Controllers.AuthController.Login (Server)'&#xD;
[23:46:21 INF] Route matched with {action = "Login", controller = "Auth"}. Executing controller action with signature System.Threading.Tasks.Task`1[Microsoft.AspNetCore.Mvc.IActionResult] Login(Server.Controllers.LoginRequest) on controller Server.Controllers.AuthController (Server).&#xD;
[23:46:22 INF] ??????? ?????????????? ????????????: admin@gh.com&#xD;
[23:46:22 INF] Executed DbCommand (12ms) [Parameters=[@__username_0='?'], CommandType='Text', CommandTimeout='30']&#xD;
SELECT a."Id", a."PasswordHash", a."Role", a."Username"&#xD;
FROM "AuthUsers" AS a&#xD;
WHERE a."Username" = @__username_0&#xD;
LIMIT 1&#xD;
[23:46:22 INF] ????????? JWT ?????? ??? ????????????: admin@gh.com&#xD;
[23:46:22 INF] JWT ????? ??????? ???????????? ??? ????????????: admin@gh.com&#xD;
[23:46:22 INF] ???????? ?????????????? ???????????? admin@gh.com&#xD;
[23:46:22 INF] ????????? ???????????? ?? ?????: admin@gh.com&#xD;
[23:46:22 INF] Executed DbCommand (2ms) [Parameters=[@__username_0='?'], CommandType='Text', CommandTimeout='30']&#xD;
SELECT a."Id", a."PasswordHash", a."Role", a."Username"&#xD;
FROM "AuthUsers" AS a&#xD;
WHERE a."Username" = @__username_0&#xD;
LIMIT 1&#xD;
[23:46:22 INF] ??????? ??????? ???????????? ? ?????? admin@gh.com&#xD;
[23:46:22 INF] Executing OkObjectResult, writing value of type 'Server.Controllers.LoginResponse'.&#xD;
[23:46:22 INF] Executed action Server.Controllers.AuthController.Login (Server) in 575.5799ms&#xD;
[23:46:22 INF] Executed endpoint 'Server.Controllers.AuthController.Login (Server)'&#xD;
[23:46:22 INF] Request finished HTTP/1.1 POST http://localhost/api/v1/auth/login - 200 null application/json; charset=utf-8 667.7423ms&#xD;
[23:46:22 INF] Request starting HTTP/1.1 GET http://localhost/api/v1/plants - null null&#xD;
[23:46:22 INF] Executing endpoint 'Server.Controllers.PlantController.GetPlants (Server)'&#xD;
[23:46:22 INF] Route matched with {action = "GetPlants", controller = "Plant"}. Executing controller action with signature System.Threading.Tasks.Task`1[Microsoft.AspNetCore.Mvc.IActionResult] GetPlants(System.String, System.String) on controller Server.Controllers.PlantController (Server).&#xD;
[23:46:22 INF] Retrieving all plants&#xD;
[23:46:22 INF] Executed DbCommand (4ms) [Parameters=[], CommandType='Text', CommandTimeout='30']&#xD;
SELECT p."Id", p."ClientId", p."Family", p."Flower", p."Fruit", p."Reproduction", p."Specie", c."Id", c."CompanyName", c."PhoneNumber"&#xD;
FROM "Plants" AS p&#xD;
INNER JOIN "Clients" AS c ON p."ClientId" = c."Id"&#xD;
[23:46:22 INF] Successfully retrieved 4 plants&#xD;
[23:46:22 INF] Executing OkObjectResult, writing value of type 'System.Linq.Enumerable+ListSelectIterator`2[[DataAccess.Models.PlantDb, DataAccess, Version=1.0.0.0, Culture=neutral, PublicKeyToken=null],[Domain.Models.Plant, Domain, Version=1.0.0.0, Culture=neutral, PublicKeyToken=null]]'.&#xD;
[23:46:22 INF] Executed action Server.Controllers.PlantController.GetPlants (Server) in 137.2745ms&#xD;
[23:46:22 INF] Executed endpoint 'Server.Controllers.PlantController.GetPlants (Server)'&#xD;
[23:46:22 INF] Request finished HTTP/1.1 GET http://localhost/api/v1/plants - 200 null application/json; charset=utf-8 173.6878ms&#xD;
[23:46:22 INF] Request starting HTTP/1.1 GET http://localhost/api/v1/plants - null null&#xD;
[23:46:22 INF] Authorization failed. These requirements were not met:&#xD;
DenyAnonymousAuthorizationRequirement: Requires an authenticated user.&#xD;
[23:46:22 INF] AuthenticationScheme: Bearer was challenged.&#xD;
[23:46:22 INF] Request finished HTTP/1.1 GET http://localhost/api/v1/plants - 401 null null 8.6156ms&#xD;
[xUnit.net 00:00:02.85]   Finished:    IntegrationTests&#xD;
</StdOut>
    </Output>
  </ResultSummary>
</TestRun>