<?xml version="1.0" encoding="utf-8"?>
<TestRun id="08651692-a5a7-45f9-a82c-2e0b2d5c2730" name="varya@DESKTOP-3RCIOOK 2025-10-20 23:46:10" runUser="DESKTOP-3RCIOOK\varya" xmlns="http://microsoft.com/schemas/VisualStudio/TeamTest/2010">
  <Times creation="2025-10-20T23:46:10.8744637+03:00" queuing="2025-10-20T23:46:10.8744640+03:00" start="2025-10-20T23:46:09.7416364+03:00" finish="2025-10-20T23:46:12.4200367+03:00" />
  <TestSettings name="default" id="9fc2362f-1e35-4752-88d4-5e06d506492b">
    <Deployment runDeploymentRoot="varya_DESKTOP-3RCIOOK_2025-10-20_23_46_10" />
  </TestSettings>
  <Results>
    <UnitTestResult executionId="44a7f8c4-13d1-47f2-9096-c29792b0adce" testId="602345bd-491e-0999-7a9b-c6c1490c9b53" testName="UnitTests.TestRepositories.TestSeedRepository.GetSeedByIdAsync_ShouldReturnSeed_WhenExists" computerName="DESKTOP-3RCIOOK" duration="00:00:00.0027379" startTime="2025-10-20T23:46:12.2710406+03:00" endTime="2025-10-20T23:46:12.2736493+03:00" testType="13cdc9d9-ddb5-4fa4-a97d-d965ccfc6d4b" outcome="Passed" testListId="8c84fa94-04c1-424b-9868-57a2d4851a1d" relativeResultsDirectory="44a7f8c4-13d1-47f2-9096-c29792b0adce" />
    <UnitTestResult executionId="4677b667-8a2e-48aa-ac1d-e18ce4e8849b" testId="e2506e07-85c1-f916-b73a-d602dd432100" testName="UnitTests.TestServices.TestEmployeeService.CreateEmployeeAsync_ShouldValidateName_WhenNameIsEmpty" computerName="DESKTOP-3RCIOOK" duration="00:00:00.0037851" startTime="2025-10-20T23:46:11.9737181+03:00" endTime="2025-10-20T23:46:11.9883587+03:00" testType="13cdc9d9-ddb5-4fa4-a97d-d965ccfc6d4b" outcome="Passed" testListId="8c84fa94-04c1-424b-9868-57a2d4851a1d" relativeResultsDirectory="4677b667-8a2e-48aa-ac1d-e18ce4e8849b" />
    <UnitTestResult executionId="6dd889d3-0e9c-445d-a39e-bde880670a6c" testId="10c2f83c-b392-df67-6c5a-94240a907f69" testName="UnitTests.TestRepositories.TestSeedRepository.GetSeedsByMaturityAsync_ShouldReturnEmptyList_WhenNoMatches" computerName="DESKTOP-3RCIOOK" duration="00:00:00.0022349" startTime="2025-10-20T23:46:12.2886329+03:00" endTime="2025-10-20T23:46:12.2908760+03:00" testType="13cdc9d9-ddb5-4fa4-a97d-d965ccfc6d4b" outcome="Passed" testListId="8c84fa94-04c1-424b-9868-57a2d4851a1d" relativeResultsDirectory="6dd889d3-0e9c-445d-a39e-bde880670a6c" />
    <UnitTestResult executionId="e07429ac-c62b-49bf-8914-79d08d1610fc" testId="3480f32f-cb5c-47e4-d1a5-6f35b7ed39ab" testName="UnitTests.TestRepositories.TestAdministratorRepository.GetAdministratorByFullNameAsync_ShouldReturnAdministrator_WhenExists" computerName="DESKTOP-3RCIOOK" duration="00:00:00.0032721" startTime="2025-10-20T23:46:12.0771542+03:00" endTime="2025-10-20T23:46:12.0776155+03:00" testType="13cdc9d9-ddb5-4fa4-a97d-d965ccfc6d4b" outcome="Passed" testListId="8c84fa94-04c1-424b-9868-57a2d4851a1d" relativeResultsDirectory="e07429ac-c62b-49bf-8914-79d08d1610fc" />
    <UnitTestResult executionId="763ac379-91f9-48d9-9609-2707f8d509b5" testId="ab96cf88-3a50-4411-1e37-f44f6c7552bc" testName="UnitTests.TestServices.TestSeedService.CreateSeedAsync_ShouldCreateSeed_WhenValidData" computerName="DESKTOP-3RCIOOK" duration="00:00:00.0085606" startTime="2025-10-20T23:46:10.8350660+03:00" endTime="2025-10-20T23:46:10.8351149+03:00" testType="13cdc9d9-ddb5-4fa4-a97d-d965ccfc6d4b" outcome="Passed" testListId="8c84fa94-04c1-424b-9868-57a2d4851a1d" relativeResultsDirectory="763ac379-91f9-48d9-9609-2707f8d509b5" />
    <UnitTestResult executionId="a7bc564a-f5e0-47ed-a237-cd702804e213" testId="be6ace29-df26-8e76-1f4b-5a9907ba980a" testName="UnitTests.TestServices.TestEmployeeService.CreateEmployeeAsync_ShouldValidateName_WhenNameContainsNumbers" computerName="DESKTOP-3RCIOOK" duration="00:00:00.0014855" startTime="2025-10-20T23:46:12.0059296+03:00" endTime="2025-10-20T23:46:12.0062011+03:00" testType="13cdc9d9-ddb5-4fa4-a97d-d965ccfc6d4b" outcome="Passed" testListId="8c84fa94-04c1-424b-9868-57a2d4851a1d" relativeResultsDirectory="a7bc564a-f5e0-47ed-a237-cd702804e213" />
    <UnitTestResult executionId="5c3bcb12-9222-40c7-9ca5-af8767b24a4c" testId="236e9084-9eda-f802-b2b5-875bd8e19551" testName="UnitTests.TestRepositories.TestPlantRepository.DeletePlantAsync_ShouldRemovePlant" computerName="DESKTOP-3RCIOOK" duration="00:00:00.0025056" startTime="2025-10-20T23:46:12.3293414+03:00" endTime="2025-10-20T23:46:12.3318082+03:00" testType="13cdc9d9-ddb5-4fa4-a97d-d965ccfc6d4b" outcome="Passed" testListId="8c84fa94-04c1-424b-9868-57a2d4851a1d" relativeResultsDirectory="5c3bcb12-9222-40c7-9ca5-af8767b24a4c" />
    <UnitTestResult executionId="ed032d97-1e55-4206-957e-d95ddd78ea60" testId="9773cee3-4b9d-25ee-13a1-61161b440c93" testName="UnitTests.TestRepositories.TestJournalRecordRepository.GetAllJournalRecordsAsync_ShouldReturnAllRecords" computerName="DESKTOP-3RCIOOK" duration="00:00:00.0393340" startTime="2025-10-20T23:46:12.2360631+03:00" endTime="2025-10-20T23:46:12.2755264+03:00" testType="13cdc9d9-ddb5-4fa4-a97d-d965ccfc6d4b" outcome="Passed" testListId="8c84fa94-04c1-424b-9868-57a2d4851a1d" relativeResultsDirectory="ed032d97-1e55-4206-957e-d95ddd78ea60" />
    <UnitTestResult executionId="dd748f42-715d-45c7-a2f4-b81c5cc64145" testId="4e013d59-723e-df14-86d3-0f96b3558aac" testName="UnitTests.TestRepositories.TestEmployeeRepository.GetEmployeeByIdAsync_ShouldThrowEmployeeNotFoundException_WhenNotExists" computerName="DESKTOP-3RCIOOK" duration="00:00:00.0136294" startTime="2025-10-20T23:46:12.2082863+03:00" endTime="2025-10-20T23:46:12.2188828+03:00" testType="13cdc9d9-ddb5-4fa4-a97d-d965ccfc6d4b" outcome="Passed" testListId="8c84fa94-04c1-424b-9868-57a2d4851a1d" relativeResultsDirectory="dd748f42-715d-45c7-a2f4-b81c5cc64145" />
    <UnitTestResult executionId="5e011213-147c-41d5-881f-614119218ad6" testId="3c739415-44ff-d0d9-ad58-e7c1bacc0d9d" testName="UnitTests.TestRepositories.TestPlantRepository.GetPlantsByFamilyAsync_ShouldReturnPlants" computerName="DESKTOP-3RCIOOK" duration="00:00:00.0288907" startTime="2025-10-20T23:46:12.1560077+03:00" endTime="2025-10-20T23:46:12.1850104+03:00" testType="13cdc9d9-ddb5-4fa4-a97d-d965ccfc6d4b" outcome="Passed" testListId="8c84fa94-04c1-424b-9868-57a2d4851a1d" relativeResultsDirectory="5e011213-147c-41d5-881f-614119218ad6" />
    <UnitTestResult executionId="8a1d3e21-45bb-4e1f-9004-b031e1815426" testId="c4a62137-8258-8bf8-be67-21720ca49ed3" testName="UnitTests.TestRepositories.TestGrowthStageRepository.GetGrowthStageByIdAsync_ShouldThrowNotFoundException_WhenNotExists" computerName="DESKTOP-3RCIOOK" duration="00:00:00.0189240" startTime="2025-10-20T23:46:12.0779545+03:00" endTime="2025-10-20T23:46:12.0943636+03:00" testType="13cdc9d9-ddb5-4fa4-a97d-d965ccfc6d4b" outcome="Passed" testListId="8c84fa94-04c1-424b-9868-57a2d4851a1d" relativeResultsDirectory="8a1d3e21-45bb-4e1f-9004-b031e1815426" />
    <UnitTestResult executionId="27d40e5b-42b7-4d8f-8999-eb6343750309" testId="ec5e2a13-e250-c312-79fe-d99649844bee" testName="UnitTests.TestRepositories.TestEmployeeRepository.AssignEmployeeToPlantAsync_ShouldThrowPlantNotFoundException_WhenPlantNotExists" computerName="DESKTOP-3RCIOOK" duration="00:00:00.0075630" startTime="2025-10-20T23:46:12.2299603+03:00" endTime="2025-10-20T23:46:12.2373496+03:00" testType="13cdc9d9-ddb5-4fa4-a97d-d965ccfc6d4b" outcome="Passed" testListId="8c84fa94-04c1-424b-9868-57a2d4851a1d" relativeResultsDirectory="27d40e5b-42b7-4d8f-8999-eb6343750309" />
    <UnitTestResult executionId="48adb9fe-c7ac-4ae1-a4ee-cc4abea08378" testId="1f9eee8c-dc46-6611-0d40-e2c0c286cb02" testName="UnitTests.TestRepositories.TestPlantRepository.UpdatePlantAsync_ShouldThrowNotFoundException_WhenNotExists" computerName="DESKTOP-3RCIOOK" duration="00:00:00.0101984" startTime="2025-10-20T23:46:12.2292712+03:00" endTime="2025-10-20T23:46:12.2374571+03:00" testType="13cdc9d9-ddb5-4fa4-a97d-d965ccfc6d4b" outcome="Passed" testListId="8c84fa94-04c1-424b-9868-57a2d4851a1d" relativeResultsDirectory="48adb9fe-c7ac-4ae1-a4ee-cc4abea08378" />
    <UnitTestResult executionId="768de76c-3c30-4231-b51c-04adfeb73239" testId="c8f17af4-a0d5-69d1-a785-1fd6f9b61f9a" testName="UnitTests.TestServices.TestEmployeeService.DeleteEmployeeAsync_ShouldDeleteEmployee_WhenExists" computerName="DESKTOP-3RCIOOK" duration="00:00:00.0048564" startTime="2025-10-20T23:46:11.9907421+03:00" endTime="2025-10-20T23:46:11.9951219+03:00" testType="13cdc9d9-ddb5-4fa4-a97d-d965ccfc6d4b" outcome="Passed" testListId="8c84fa94-04c1-424b-9868-57a2d4851a1d" relativeResultsDirectory="768de76c-3c30-4231-b51c-04adfeb73239" />
    <UnitTestResult executionId="eff82363-efb2-4fa2-bb53-1bbce77d3e97" testId="3d59ad2f-f98a-6cc7-580d-e281df0b162e" testName="UnitTests.TestRepositories.TestEmployeeRepository.GetEmployeesByTaskAsync_ShouldReturnEmployees" computerName="DESKTOP-3RCIOOK" duration="00:00:00.0106135" startTime="2025-10-20T23:46:12.2192094+03:00" endTime="2025-10-20T23:46:12.2296212+03:00" testType="13cdc9d9-ddb5-4fa4-a97d-d965ccfc6d4b" outcome="Passed" testListId="8c84fa94-04c1-424b-9868-57a2d4851a1d" relativeResultsDirectory="eff82363-efb2-4fa2-bb53-1bbce77d3e97" />
    <UnitTestResult executionId="ecb446e1-9498-4afa-a70a-43a99007a517" testId="b8f00d1a-a418-090f-0176-f4aa969098ae" testName="UnitTests.TestRepositories.TestJournalRecordRepository.UpdateJournalRecordAsync_ShouldThrowJournalRecordNotFoundException_WhenNotExists" computerName="DESKTOP-3RCIOOK" duration="00:00:00.0034442" startTime="2025-10-20T23:46:12.1609012+03:00" endTime="2025-10-20T23:46:12.1739687+03:00" testType="13cdc9d9-ddb5-4fa4-a97d-d965ccfc6d4b" outcome="Passed" testListId="8c84fa94-04c1-424b-9868-57a2d4851a1d" relativeResultsDirectory="ecb446e1-9498-4afa-a70a-43a99007a517" />
    <UnitTestResult executionId="76cdeaaa-54a8-4358-888a-289e2ad54d85" testId="cf1c908e-b973-351d-bb21-5986d0ca7001" testName="UnitTests.TestRepositories.TestEmployeeRepository.GetEmployeeByPhoneNumberAsync_ShouldReturnEmployee_WhenExists" computerName="DESKTOP-3RCIOOK" duration="00:00:00.0046876" startTime="2025-10-20T23:46:12.2872476+03:00" endTime="2025-10-20T23:46:12.2918710+03:00" testType="13cdc9d9-ddb5-4fa4-a97d-d965ccfc6d4b" outcome="Passed" testListId="8c84fa94-04c1-424b-9868-57a2d4851a1d" relativeResultsDirectory="76cdeaaa-54a8-4358-888a-289e2ad54d85" />
    <UnitTestResult executionId="98d1d24d-5cc7-458d-a5de-1c24bd319c26" testId="5da684ed-5f85-dd06-de47-3c2e795257ce" testName="UnitTests.TestRepositories.TestClientRepository.GetClientByIdAsync_ShouldThrowClientNotFoundException_WhenNotExists" computerName="DESKTOP-3RCIOOK" duration="00:00:00.0083225" startTime="2025-10-20T23:46:11.9642820+03:00" endTime="2025-10-20T23:46:11.9707723+03:00" testType="13cdc9d9-ddb5-4fa4-a97d-d965ccfc6d4b" outcome="Passed" testListId="8c84fa94-04c1-424b-9868-57a2d4851a1d" relativeResultsDirectory="98d1d24d-5cc7-458d-a5de-1c24bd319c26" />
    <UnitTestResult executionId="825813d6-eee8-4399-ae6d-1af7189d3cbc" testId="a505df3b-88b4-e58a-c8e2-98e1847685a5" testName="UnitTests.TestServices.TestEmployeeService.CreateEmployeeAsync_ShouldValidatePhone_WhenPhoneIsEmpty" computerName="DESKTOP-3RCIOOK" duration="00:00:00.0017708" startTime="2025-10-20T23:46:11.9953805+03:00" endTime="2025-10-20T23:46:11.9972687+03:00" testType="13cdc9d9-ddb5-4fa4-a97d-d965ccfc6d4b" outcome="Passed" testListId="8c84fa94-04c1-424b-9868-57a2d4851a1d" relativeResultsDirectory="825813d6-eee8-4399-ae6d-1af7189d3cbc" />
    <UnitTestResult executionId="86331f40-0bdc-4583-8e0d-eeb900fa6080" testId="44a23e11-bafb-cb14-d6bf-16f09c272a9d" testName="UnitTests.TestRepositories.TestPlantRepository.DeletePlantAsync_ShouldThrowNotFoundException_WhenNotExists" computerName="DESKTOP-3RCIOOK" duration="00:00:00.0013223" startTime="2025-10-20T23:46:12.3474720+03:00" endTime="2025-10-20T23:46:12.3486265+03:00" testType="13cdc9d9-ddb5-4fa4-a97d-d965ccfc6d4b" outcome="Passed" testListId="8c84fa94-04c1-424b-9868-57a2d4851a1d" relativeResultsDirectory="86331f40-0bdc-4583-8e0d-eeb900fa6080" />
    <UnitTestResult executionId="011cd9a2-e805-4931-b3be-bf1c15a2285c" testId="6a607042-9eab-7d82-0acb-5a6beaa71a11" testName="UnitTests.TestRepositories.TestAdministratorRepository.GetAdministratorByIdAsync_ShouldThrowAdministratorNotFoundException_WhenNotExists" computerName="DESKTOP-3RCIOOK" duration="00:00:00.0097445" startTime="2025-10-20T23:46:11.9642401+03:00" endTime="2025-10-20T23:46:11.9721605+03:00" testType="13cdc9d9-ddb5-4fa4-a97d-d965ccfc6d4b" outcome="Passed" testListId="8c84fa94-04c1-424b-9868-57a2d4851a1d" relativeResultsDirectory="011cd9a2-e805-4931-b3be-bf1c15a2285c" />
    <UnitTestResult executionId="3f9896e7-b8c4-4297-bb55-fe13a9820c08" testId="982545cf-47ac-04aa-d0b8-bb342b4a8784" testName="UnitTests.TestRepositories.TestGrowthStageRepository.CreateGrowthStageAsync_ShouldAddGrowthStage" computerName="DESKTOP-3RCIOOK" duration="00:00:00.0075236" startTime="2025-10-20T23:46:12.0671323+03:00" endTime="2025-10-20T23:46:12.0772688+03:00" testType="13cdc9d9-ddb5-4fa4-a97d-d965ccfc6d4b" outcome="Passed" testListId="8c84fa94-04c1-424b-9868-57a2d4851a1d" relativeResultsDirectory="3f9896e7-b8c4-4297-bb55-fe13a9820c08" />
    <UnitTestResult executionId="2c92acd4-29e1-47fd-b1e5-74c6e3ec1355" testId="9ed6371c-7f32-7c6d-639c-49fa6ee85ed8" testName="UnitTests.TestRepositories.TestClientRepository.GetClientByCompanyNameAsync_ShouldThrowClientNotFoundException_WhenNotExists" computerName="DESKTOP-3RCIOOK" duration="00:00:00.3007444" startTime="2025-10-20T23:46:11.6631452+03:00" endTime="2025-10-20T23:46:11.9624985+03:00" testType="13cdc9d9-ddb5-4fa4-a97d-d965ccfc6d4b" outcome="Passed" testListId="8c84fa94-04c1-424b-9868-57a2d4851a1d" relativeResultsDirectory="2c92acd4-29e1-47fd-b1e5-74c6e3ec1355" />
    <UnitTestResult executionId="98654551-265c-4d0e-9870-7305be1f3a23" testId="7538ab20-fa10-5586-1bf6-71978c691bc5" testName="UnitTests.TestServices.TestJournalRecordService.UpdateJournalRecordAsync_ShouldUpdateJournalRecord_WhenValidData" computerName="DESKTOP-3RCIOOK" duration="00:00:00.0037682" startTime="2025-10-20T23:46:11.2703671+03:00" endTime="2025-10-20T23:46:11.2738996+03:00" testType="13cdc9d9-ddb5-4fa4-a97d-d965ccfc6d4b" outcome="Passed" testListId="8c84fa94-04c1-424b-9868-57a2d4851a1d" relativeResultsDirectory="98654551-265c-4d0e-9870-7305be1f3a23" />
    <UnitTestResult executionId="4108f8a2-19c4-4adf-ac05-bc4db7d21334" testId="4e4efb4d-5582-32f3-c67d-9222b82daa02" testName="UnitTests.TestRepositories.TestPlantRepository.GetPlantsByClientIdAsync_ShouldReturnPlants" computerName="DESKTOP-3RCIOOK" duration="00:00:00.0038786" startTime="2025-10-20T23:46:12.2235392+03:00" endTime="2025-10-20T23:46:12.2270306+03:00" testType="13cdc9d9-ddb5-4fa4-a97d-d965ccfc6d4b" outcome="Passed" testListId="8c84fa94-04c1-424b-9868-57a2d4851a1d" relativeResultsDirectory="4108f8a2-19c4-4adf-ac05-bc4db7d21334" />
    <UnitTestResult executionId="887418f1-4c04-4dcc-aac6-94147f96e1d4" testId="ab002341-269e-f727-e74c-c8268222b3ae" testName="UnitTests.TestServices.TestClientService.CreateClientAsync_ShouldCreateClient_WhenValidData" computerName="DESKTOP-3RCIOOK" duration="00:00:00.1293360" startTime="2025-10-20T23:46:10.6547993+03:00" endTime="2025-10-20T23:46:10.7929113+03:00" testType="13cdc9d9-ddb5-4fa4-a97d-d965ccfc6d4b" outcome="Passed" testListId="8c84fa94-04c1-424b-9868-57a2d4851a1d" relativeResultsDirectory="887418f1-4c04-4dcc-aac6-94147f96e1d4" />
    <UnitTestResult executionId="f3903e22-7098-4e89-ac5e-8581c3f5d87e" testId="45915519-ae0a-c2ae-5ce3-603171177f25" testName="UnitTests.TestRepositories.TestEmployeeRepository.AssignEmployeeToPlantAsync_ShouldNotCreateDuplicateAssignment" computerName="DESKTOP-3RCIOOK" duration="00:00:00.0666251" startTime="2025-10-20T23:46:12.1395413+03:00" endTime="2025-10-20T23:46:12.2050699+03:00" testType="13cdc9d9-ddb5-4fa4-a97d-d965ccfc6d4b" outcome="Passed" testListId="8c84fa94-04c1-424b-9868-57a2d4851a1d" relativeResultsDirectory="f3903e22-7098-4e89-ac5e-8581c3f5d87e" />
    <UnitTestResult executionId="85d973bd-1e40-49fd-8869-bf53473609c8" testId="48869f6b-c93c-8402-8fe4-539f619feea6" testName="UnitTests.TestRepositories.TestGrowthStageRepository.DeleteGrowthStageAsync_ShouldThrowNotFoundException_WhenNotExists" computerName="DESKTOP-3RCIOOK" duration="00:00:00.0113969" startTime="2025-10-20T23:46:12.0533997+03:00" endTime="2025-10-20T23:46:12.0651318+03:00" testType="13cdc9d9-ddb5-4fa4-a97d-d965ccfc6d4b" outcome="Passed" testListId="8c84fa94-04c1-424b-9868-57a2d4851a1d" relativeResultsDirectory="85d973bd-1e40-49fd-8869-bf53473609c8" />
    <UnitTestResult executionId="0f956b99-8d18-45bf-9b9d-653272f40db1" testId="66b99ca6-2e65-52d2-4e95-7de964a77c5d" testName="UnitTests.TestServices.TestEmployeeService.AssignEmployeeToPlantAsync_ShouldThrowKeyNotFound_WhenEmployeeNotFound" computerName="DESKTOP-3RCIOOK" duration="00:00:00.0038690" startTime="2025-10-20T23:46:11.9702835+03:00" endTime="2025-10-20T23:46:11.9734285+03:00" testType="13cdc9d9-ddb5-4fa4-a97d-d965ccfc6d4b" outcome="Passed" testListId="8c84fa94-04c1-424b-9868-57a2d4851a1d" relativeResultsDirectory="0f956b99-8d18-45bf-9b9d-653272f40db1" />
    <UnitTestResult executionId="7abef39b-bd32-4295-8025-3d684dec00c3" testId="4c61c8d1-e6e3-30a9-c6c2-0e9752b7ee8e" testName="UnitTests.TestRepositories.TestClientRepository.GetClientByIdAsync_ShouldReturnClient_WhenExists" computerName="DESKTOP-3RCIOOK" duration="00:00:00.0026722" startTime="2025-10-20T23:46:12.1273712+03:00" endTime="2025-10-20T23:46:12.1297171+03:00" testType="13cdc9d9-ddb5-4fa4-a97d-d965ccfc6d4b" outcome="Passed" testListId="8c84fa94-04c1-424b-9868-57a2d4851a1d" relativeResultsDirectory="7abef39b-bd32-4295-8025-3d684dec00c3" />
    <UnitTestResult executionId="f0647008-93ed-4e60-a763-c23e4ad6091f" testId="4b9a3cb8-afef-5da5-4b76-598bb468afb4" testName="UnitTests.TestRepositories.TestGrowthStageRepository.CreateGrowthStageAsync_ShouldThrowArgumentNullException" computerName="DESKTOP-3RCIOOK" duration="00:00:00.2045310" startTime="2025-10-20T23:46:11.6631756+03:00" endTime="2025-10-20T23:46:11.8661319+03:00" testType="13cdc9d9-ddb5-4fa4-a97d-d965ccfc6d4b" outcome="Passed" testListId="8c84fa94-04c1-424b-9868-57a2d4851a1d" relativeResultsDirectory="f0647008-93ed-4e60-a763-c23e4ad6091f" />
    <UnitTestResult executionId="36e06c09-e40d-48da-8d44-df62696dee9b" testId="87b1d8f4-c6c1-254a-f195-6f314b2a222c" testName="UnitTests.TestServices.TestEmployeeService.CreateEmployeeAsync_ShouldValidateTaskLength_WhenTaskIsTooShort" computerName="DESKTOP-3RCIOOK" duration="00:00:00.0026885" startTime="2025-10-20T23:46:12.0162017+03:00" endTime="2025-10-20T23:46:12.0183224+03:00" testType="13cdc9d9-ddb5-4fa4-a97d-d965ccfc6d4b" outcome="Passed" testListId="8c84fa94-04c1-424b-9868-57a2d4851a1d" relativeResultsDirectory="36e06c09-e40d-48da-8d44-df62696dee9b" />
    <UnitTestResult executionId="8f4edbf5-11b5-4f28-8d2c-96541e94247c" testId="28f6d1f6-28e8-3fa6-de29-736b9d33834f" testName="UnitTests.TestRepositories.TestClientRepository.GetPlantsByClientIdAsync_ShouldReturnPlants" computerName="DESKTOP-3RCIOOK" duration="00:00:00.0141425" startTime="2025-10-20T23:46:12.0964971+03:00" endTime="2025-10-20T23:46:12.1102190+03:00" testType="13cdc9d9-ddb5-4fa4-a97d-d965ccfc6d4b" outcome="Passed" testListId="8c84fa94-04c1-424b-9868-57a2d4851a1d" relativeResultsDirectory="8f4edbf5-11b5-4f28-8d2c-96541e94247c" />
    <UnitTestResult executionId="077cbb8e-b9e8-43c7-9178-3522168c6ca6" testId="09ea9d35-8d86-0647-3a17-d5ab81472d1c" testName="UnitTests.TestRepositories.TestJournalRecordRepository.DeleteJournalRecordAsync_ShouldRemoveRecord" computerName="DESKTOP-3RCIOOK" duration="00:00:00.4628822" startTime="2025-10-20T23:46:11.6630838+03:00" endTime="2025-10-20T23:46:12.1246943+03:00" testType="13cdc9d9-ddb5-4fa4-a97d-d965ccfc6d4b" outcome="Passed" testListId="8c84fa94-04c1-424b-9868-57a2d4851a1d" relativeResultsDirectory="077cbb8e-b9e8-43c7-9178-3522168c6ca6" />
    <UnitTestResult executionId="fc9f6514-6ddc-4586-84e9-db16e8c8e2f6" testId="8c8ef20e-aaa7-2480-af92-5f720d9ae7b2" testName="UnitTests.TestServices.TestAdministratorService.CreateAdministratorAsync_ShouldThrowException_WhenUsernameExists" computerName="DESKTOP-3RCIOOK" duration="00:00:00.0130165" startTime="2025-10-20T23:46:10.7928115+03:00" endTime="2025-10-20T23:46:10.7961963+03:00" testType="13cdc9d9-ddb5-4fa4-a97d-d965ccfc6d4b" outcome="Passed" testListId="8c84fa94-04c1-424b-9868-57a2d4851a1d" relativeResultsDirectory="fc9f6514-6ddc-4586-84e9-db16e8c8e2f6" />
    <UnitTestResult executionId="1d17223d-f12b-420f-a1dd-5ae17532ff68" testId="d9c79d15-6134-9512-0a4c-273b81c500e2" testName="UnitTests.TestServices.TestJournalRecordService.UpdateJournalRecordAsync_ShouldThrowArgumentNullException_WhenJournalRecordIsNull" computerName="DESKTOP-3RCIOOK" duration="00:00:00.0012231" startTime="2025-10-20T23:46:11.2813687+03:00" endTime="2025-10-20T23:46:11.2823242+03:00" testType="13cdc9d9-ddb5-4fa4-a97d-d965ccfc6d4b" outcome="Passed" testListId="8c84fa94-04c1-424b-9868-57a2d4851a1d" relativeResultsDirectory="1d17223d-f12b-420f-a1dd-5ae17532ff68" />
    <UnitTestResult executionId="d0145a5c-4d72-4b7e-ad78-55bed7cdbce3" testId="3a8c6fba-6f90-3822-81a1-5f21ed651a20" testName="UnitTests.TestRepositories.TestPlantRepository.CreatePlantAsync_ShouldThrowArgumentNullException" computerName="DESKTOP-3RCIOOK" duration="00:00:00.0008919" startTime="2025-10-20T23:46:12.3487623+03:00" endTime="2025-10-20T23:46:12.3495621+03:00" testType="13cdc9d9-ddb5-4fa4-a97d-d965ccfc6d4b" outcome="Passed" testListId="8c84fa94-04c1-424b-9868-57a2d4851a1d" relativeResultsDirectory="d0145a5c-4d72-4b7e-ad78-55bed7cdbce3" />
    <UnitTestResult executionId="34732ea6-03ce-49dc-a059-5e391b43f2c1" testId="f697c934-2b00-d4d2-5e02-8615c293fbcd" testName="UnitTests.TestRepositories.TestAdministratorRepository.CreateAdministratorAsync_ShouldAddAdministratorToDatabase" computerName="DESKTOP-3RCIOOK" duration="00:00:00.0117509" startTime="2025-10-20T23:46:12.0962600+03:00" endTime="2025-10-20T23:46:12.1065843+03:00" testType="13cdc9d9-ddb5-4fa4-a97d-d965ccfc6d4b" outcome="Passed" testListId="8c84fa94-04c1-424b-9868-57a2d4851a1d" relativeResultsDirectory="34732ea6-03ce-49dc-a059-5e391b43f2c1" />
    <UnitTestResult executionId="677ffcf7-6595-41bc-9ff0-eede87baddf1" testId="ebcc92cb-ca45-d06a-044f-a877e9c3d82c" testName="UnitTests.TestRepositories.TestAdministratorRepository.GetAdministratorByPhoneNumberAsync_ShouldThrowAdministratorNotFoundException_WhenNotExists" computerName="DESKTOP-3RCIOOK" duration="00:00:00.0049326" startTime="2025-10-20T23:46:11.9724284+03:00" endTime="2025-10-20T23:46:11.9868837+03:00" testType="13cdc9d9-ddb5-4fa4-a97d-d965ccfc6d4b" outcome="Passed" testListId="8c84fa94-04c1-424b-9868-57a2d4851a1d" relativeResultsDirectory="677ffcf7-6595-41bc-9ff0-eede87baddf1" />
    <UnitTestResult executionId="9bf4fd63-7581-46d4-8dea-3bc45a228dde" testId="0f350021-7e48-5471-0794-ad97be3d478a" testName="UnitTests.TestServices.TestJournalRecordService.CreateJournalRecordAsync_ShouldThrowArgumentNullException_WhenJournalRecordIsNull" computerName="DESKTOP-3RCIOOK" duration="00:00:00.0163978" startTime="2025-10-20T23:46:11.2033840+03:00" endTime="2025-10-20T23:46:11.2198562+03:00" testType="13cdc9d9-ddb5-4fa4-a97d-d965ccfc6d4b" outcome="Passed" testListId="8c84fa94-04c1-424b-9868-57a2d4851a1d" relativeResultsDirectory="9bf4fd63-7581-46d4-8dea-3bc45a228dde" />
    <UnitTestResult executionId="40e8fd75-1a53-4a8e-9aff-a0bc3306fa7d" testId="28ac0acb-6d79-364c-2fa0-6d9f84ba6fb7" testName="UnitTests.TestRepositories.TestEmployeeRepository.GetEmployeeByPhoneNumberAsync_ShouldThrowEmployeeNotFoundException_WhenNotExists" computerName="DESKTOP-3RCIOOK" duration="00:00:00.0104834" startTime="2025-10-20T23:46:12.2443421+03:00" endTime="2025-10-20T23:46:12.2494830+03:00" testType="13cdc9d9-ddb5-4fa4-a97d-d965ccfc6d4b" outcome="Passed" testListId="8c84fa94-04c1-424b-9868-57a2d4851a1d" relativeResultsDirectory="40e8fd75-1a53-4a8e-9aff-a0bc3306fa7d" />
    <UnitTestResult executionId="132834b2-1039-4c36-a8e2-f9cd64a76ac3" testId="bc4e8cda-caf4-159b-1d34-4c1b6f910af1" testName="UnitTests.TestServices.TestEmployeeService.CreateEmployeeAsync_ShouldCreateEmployee_WhenValidData" computerName="DESKTOP-3RCIOOK" duration="00:00:00.0119668" startTime="2025-10-20T23:46:11.9886273+03:00" endTime="2025-10-20T23:46:11.9904645+03:00" testType="13cdc9d9-ddb5-4fa4-a97d-d965ccfc6d4b" outcome="Passed" testListId="8c84fa94-04c1-424b-9868-57a2d4851a1d" relativeResultsDirectory="132834b2-1039-4c36-a8e2-f9cd64a76ac3" />
    <UnitTestResult executionId="284c9828-d75e-4b7e-841a-5343ad74ee44" testId="e5711005-9d61-91a6-a63c-76263aec1d00" testName="UnitTests.TestRepositories.TestGrowthStageRepository.UpdateGrowthStageAsync_ShouldUpdateStage" computerName="DESKTOP-3RCIOOK" duration="00:00:00.0022154" startTime="2025-10-20T23:46:12.1037032+03:00" endTime="2025-10-20T23:46:12.1047294+03:00" testType="13cdc9d9-ddb5-4fa4-a97d-d965ccfc6d4b" outcome="Passed" testListId="8c84fa94-04c1-424b-9868-57a2d4851a1d" relativeResultsDirectory="284c9828-d75e-4b7e-841a-5343ad74ee44" />
    <UnitTestResult executionId="4f8a4a39-efa8-4640-b456-2edcc8a45a24" testId="8b31d294-f9a2-be78-e1e7-6032b5d1f020" testName="UnitTests.TestRepositories.TestClientRepository.GetAllClientsAsync_ShouldReturnAllClients" computerName="DESKTOP-3RCIOOK" duration="00:00:00.0176469" startTime="2025-10-20T23:46:12.1105571+03:00" endTime="2025-10-20T23:46:12.1269098+03:00" testType="13cdc9d9-ddb5-4fa4-a97d-d965ccfc6d4b" outcome="Passed" testListId="8c84fa94-04c1-424b-9868-57a2d4851a1d" relativeResultsDirectory="4f8a4a39-efa8-4640-b456-2edcc8a45a24" />
    <UnitTestResult executionId="15e9e540-35aa-42ba-bd67-8253671c5135" testId="fd0d744c-43d4-11bf-9ded-a6d816d066ec" testName="UnitTests.TestServices.TestJournalRecordService.CreateJournalRecordAsync_ShouldThrowValidationException_WhenDateIsInFuture" computerName="DESKTOP-3RCIOOK" duration="00:00:00.0401708" startTime="2025-10-20T23:46:11.2320695+03:00" endTime="2025-10-20T23:46:11.2601513+03:00" testType="13cdc9d9-ddb5-4fa4-a97d-d965ccfc6d4b" outcome="Passed" testListId="8c84fa94-04c1-424b-9868-57a2d4851a1d" relativeResultsDirectory="15e9e540-35aa-42ba-bd67-8253671c5135" />
    <UnitTestResult executionId="298e82f1-d0b8-47a3-939a-b1fc1bdc900c" testId="dafe8134-2262-6171-f32d-0a1b36d5348d" testName="UnitTests.TestRepositories.TestAdministratorRepository.GetAllAdministratorsAsync_ShouldReturnAllAdministrators" computerName="DESKTOP-3RCIOOK" duration="00:00:00.0199720" startTime="2025-10-20T23:46:12.0778858+03:00" endTime="2025-10-20T23:46:12.0958107+03:00" testType="13cdc9d9-ddb5-4fa4-a97d-d965ccfc6d4b" outcome="Passed" testListId="8c84fa94-04c1-424b-9868-57a2d4851a1d" relativeResultsDirectory="298e82f1-d0b8-47a3-939a-b1fc1bdc900c" />
    <UnitTestResult executionId="0b23a3ab-203f-45b6-8ca4-386ceeb5147f" testId="38a988f7-056b-6729-5e3c-5c62efcf2a75" testName="UnitTests.TestRepositories.TestAdministratorRepository.UpdateAdministratorAsync_ShouldThrowAdministratorNotFoundException_WhenNotExists" computerName="DESKTOP-3RCIOOK" duration="00:00:00.0169238" startTime="2025-10-20T23:46:11.9882834+03:00" endTime="2025-10-20T23:46:11.9944731+03:00" testType="13cdc9d9-ddb5-4fa4-a97d-d965ccfc6d4b" outcome="Passed" testListId="8c84fa94-04c1-424b-9868-57a2d4851a1d" relativeResultsDirectory="0b23a3ab-203f-45b6-8ca4-386ceeb5147f" />
    <UnitTestResult executionId="ddbd1707-0b56-4b4f-8707-483545e0ca41" testId="f1971210-4c5d-d461-d488-a45884580985" testName="UnitTests.TestRepositories.TestSeedRepository.CreateSeedAsync_ShouldThrowArgumentNullException_WhenSeedIsNull" computerName="DESKTOP-3RCIOOK" duration="00:00:00.0008369" startTime="2025-10-20T23:46:12.2875345+03:00" endTime="2025-10-20T23:46:12.2882980+03:00" testType="13cdc9d9-ddb5-4fa4-a97d-d965ccfc6d4b" outcome="Passed" testListId="8c84fa94-04c1-424b-9868-57a2d4851a1d" relativeResultsDirectory="ddbd1707-0b56-4b4f-8707-483545e0ca41" />
    <UnitTestResult executionId="b92f289d-10b5-4c2f-9f88-d93fe79e3062" testId="3f23d8c4-ce20-fae7-1339-1fedc8e9c81f" testName="UnitTests.TestRepositories.TestAdministratorRepository.UpdateAdministratorAsync_ShouldUpdateAdministratorInDatabase" computerName="DESKTOP-3RCIOOK" duration="00:00:00.0220506" startTime="2025-10-20T23:46:12.0479257+03:00" endTime="2025-10-20T23:46:12.0690693+03:00" testType="13cdc9d9-ddb5-4fa4-a97d-d965ccfc6d4b" outcome="Passed" testListId="8c84fa94-04c1-424b-9868-57a2d4851a1d" relativeResultsDirectory="b92f289d-10b5-4c2f-9f88-d93fe79e3062" />
    <UnitTestResult executionId="95196155-5425-4883-b08b-90766a2c7f27" testId="575359fe-585b-2570-4454-c2b273abfe7c" testName="UnitTests.TestServices.TestEmployeeService.CreateEmployeeAsync_ShouldValidatePhone_WhenPhoneIsInvalid" computerName="DESKTOP-3RCIOOK" duration="00:00:00.0039505" startTime="2025-10-20T23:46:12.0187255+03:00" endTime="2025-10-20T23:46:12.0223875+03:00" testType="13cdc9d9-ddb5-4fa4-a97d-d965ccfc6d4b" outcome="Passed" testListId="8c84fa94-04c1-424b-9868-57a2d4851a1d" relativeResultsDirectory="95196155-5425-4883-b08b-90766a2c7f27" />
    <UnitTestResult executionId="da07554a-0c45-4db7-80e3-89fd711f598f" testId="6a665dff-7df8-b673-9dcf-d0cbb3a67876" testName="UnitTests.TestRepositories.TestEmployeeRepository.CreateEmployeeAsync_ShouldAddEmployeeToDatabase" computerName="DESKTOP-3RCIOOK" duration="00:00:00.0110270" startTime="2025-10-20T23:46:12.2706744+03:00" endTime="2025-10-20T23:46:12.2814294+03:00" testType="13cdc9d9-ddb5-4fa4-a97d-d965ccfc6d4b" outcome="Passed" testListId="8c84fa94-04c1-424b-9868-57a2d4851a1d" relativeResultsDirectory="da07554a-0c45-4db7-80e3-89fd711f598f" />
    <UnitTestResult executionId="bba6155a-57a4-4829-bb4e-55ffa12bf9e2" testId="eccc2ee2-7d2a-0d59-80c7-775931f96ce3" testName="UnitTests.TestServices.TestJournalRecordService.CreateJournalRecordAsync_ShouldThrowValidationException_WhenFruitCountIsNegative" computerName="DESKTOP-3RCIOOK" duration="00:00:00.0046463" startTime="2025-10-20T23:46:11.2764793+03:00" endTime="2025-10-20T23:46:11.2810307+03:00" testType="13cdc9d9-ddb5-4fa4-a97d-d965ccfc6d4b" outcome="Passed" testListId="8c84fa94-04c1-424b-9868-57a2d4851a1d" relativeResultsDirectory="bba6155a-57a4-4829-bb4e-55ffa12bf9e2" />
    <UnitTestResult executionId="3100aeba-04ce-411f-a5fb-65bccf15ab05" testId="e4ed4569-9ad7-7be1-c756-e2c45b3d10b7" testName="UnitTests.TestRepositories.TestClientRepository.GetClientsByPhoneNumberAsync_ShouldReturnEmptyList_WhenNoMatches" computerName="DESKTOP-3RCIOOK" duration="00:00:00.0104112" startTime="2025-10-20T23:46:12.0644265+03:00" endTime="2025-10-20T23:46:12.0775036+03:00" testType="13cdc9d9-ddb5-4fa4-a97d-d965ccfc6d4b" outcome="Passed" testListId="8c84fa94-04c1-424b-9868-57a2d4851a1d" relativeResultsDirectory="3100aeba-04ce-411f-a5fb-65bccf15ab05" />
    <UnitTestResult executionId="be82c40b-4572-44f1-884b-7d9ff00381ad" testId="73bb0aea-ca6f-57d9-e434-60a354f7f81b" testName="UnitTests.TestServices.TestPlantService.CreatePlantAsync_ShouldCreatePlant_WhenValidData" computerName="DESKTOP-3RCIOOK" duration="00:00:00.0049658" startTime="2025-10-20T23:46:10.8357700+03:00" endTime="2025-10-20T23:46:10.8358193+03:00" testType="13cdc9d9-ddb5-4fa4-a97d-d965ccfc6d4b" outcome="Passed" testListId="8c84fa94-04c1-424b-9868-57a2d4851a1d" relativeResultsDirectory="be82c40b-4572-44f1-884b-7d9ff00381ad" />
    <UnitTestResult executionId="cae7163d-e929-4d2f-af31-b9573a144f9f" testId="b36d9eaf-d35d-a4e6-e52e-100c9087f6c3" testName="UnitTests.TestRepositories.TestJournalRecordRepository.UpdateJournalRecordAsync_ShouldUpdateRecord" computerName="DESKTOP-3RCIOOK" duration="00:00:00.0093177" startTime="2025-10-20T23:46:12.2266789+03:00" endTime="2025-10-20T23:46:12.2346080+03:00" testType="13cdc9d9-ddb5-4fa4-a97d-d965ccfc6d4b" outcome="Passed" testListId="8c84fa94-04c1-424b-9868-57a2d4851a1d" relativeResultsDirectory="cae7163d-e929-4d2f-af31-b9573a144f9f" />
    <UnitTestResult executionId="0496ca80-49f7-43bc-b5bf-b68f71c80bb4" testId="a33f7474-f5e8-e7b3-c277-7425d5a7566f" testName="UnitTests.TestRepositories.TestJournalRecordRepository.AddJournalRecordAsync_ShouldThrowArgumentNullException_WhenRecordIsNull" computerName="DESKTOP-3RCIOOK" duration="00:00:00.0060977" startTime="2025-10-20T23:46:12.1538316+03:00" endTime="2025-10-20T23:46:12.1596446+03:00" testType="13cdc9d9-ddb5-4fa4-a97d-d965ccfc6d4b" outcome="Passed" testListId="8c84fa94-04c1-424b-9868-57a2d4851a1d" relativeResultsDirectory="0496ca80-49f7-43bc-b5bf-b68f71c80bb4" />
    <UnitTestResult executionId="42288cec-7692-444f-97d7-495d7190be98" testId="81dd42d1-9f1b-d63d-583f-3bf4c35b83a0" testName="UnitTests.TestServices.TestJournalRecordService.CreateJournalRecordAsync_ShouldCreateJournalRecord_WhenValidData" computerName="DESKTOP-3RCIOOK" duration="00:00:00.0078726" startTime="2025-10-20T23:46:11.2622693+03:00" endTime="2025-10-20T23:46:11.2700753+03:00" testType="13cdc9d9-ddb5-4fa4-a97d-d965ccfc6d4b" outcome="Passed" testListId="8c84fa94-04c1-424b-9868-57a2d4851a1d" relativeResultsDirectory="42288cec-7692-444f-97d7-495d7190be98" />
    <UnitTestResult executionId="cc36d1ec-8ab5-4238-8ade-53a747bf75f0" testId="a24193b5-09e1-e165-b4b4-d46aacfd6d8e" testName="UnitTests.TestRepositories.TestClientRepository.GetClientsByPhoneNumberAsync_ShouldReturnClients" computerName="DESKTOP-3RCIOOK" duration="00:00:00.0180804" startTime="2025-10-20T23:46:12.0783153+03:00" endTime="2025-10-20T23:46:12.0961302+03:00" testType="13cdc9d9-ddb5-4fa4-a97d-d965ccfc6d4b" outcome="Passed" testListId="8c84fa94-04c1-424b-9868-57a2d4851a1d" relativeResultsDirectory="cc36d1ec-8ab5-4238-8ade-53a747bf75f0" />
    <UnitTestResult executionId="9383e0e5-9106-4bc1-8215-4d1e6fa3e8a9" testId="efa81904-f5c8-88b1-ce75-d94462029968" testName="UnitTests.TestRepositories.TestPlantRepository.GetPlantByIdAsync_ShouldThrowNotFoundException_WhenNotExists" computerName="DESKTOP-3RCIOOK" duration="00:00:00.0454885" startTime="2025-10-20T23:46:12.2716655+03:00" endTime="2025-10-20T23:46:12.3170452+03:00" testType="13cdc9d9-ddb5-4fa4-a97d-d965ccfc6d4b" outcome="Passed" testListId="8c84fa94-04c1-424b-9868-57a2d4851a1d" relativeResultsDirectory="9383e0e5-9106-4bc1-8215-4d1e6fa3e8a9" />
    <UnitTestResult executionId="b336d915-a82d-4717-ad0f-49ae05211318" testId="b072c353-e1c0-cdbb-9ab2-1baa66414700" testName="UnitTests.TestRepositories.TestSeedRepository.GetPlantBySeedIdAsync_ShouldReturnPlant" computerName="DESKTOP-3RCIOOK" duration="00:00:00.0184368" startTime="2025-10-20T23:46:12.1833102+03:00" endTime="2025-10-20T23:46:12.2015432+03:00" testType="13cdc9d9-ddb5-4fa4-a97d-d965ccfc6d4b" outcome="Passed" testListId="8c84fa94-04c1-424b-9868-57a2d4851a1d" relativeResultsDirectory="b336d915-a82d-4717-ad0f-49ae05211318" />
    <UnitTestResult executionId="094c30b2-a9a8-45f3-ad1c-94ed5642a0a5" testId="2ce81cc6-5925-955e-43fe-f2d19634ca01" testName="UnitTests.TestRepositories.TestJournalRecordRepository.GetJournalRecordByIdAsync_ShouldThrowJournalRecordNotFoundException_WhenNotExists" computerName="DESKTOP-3RCIOOK" duration="00:00:00.0281349" startTime="2025-10-20T23:46:12.1743824+03:00" endTime="2025-10-20T23:46:12.2024932+03:00" testType="13cdc9d9-ddb5-4fa4-a97d-d965ccfc6d4b" outcome="Passed" testListId="8c84fa94-04c1-424b-9868-57a2d4851a1d" relativeResultsDirectory="094c30b2-a9a8-45f3-ad1c-94ed5642a0a5" />
    <UnitTestResult executionId="7aca6eb0-c178-4d80-a64a-1f92948c86ae" testId="d5c07f73-365c-2a34-b941-93a053a06b0d" testName="UnitTests.TestRepositories.TestJournalRecordRepository.GetJournalRecordByIdAsync_ShouldReturnRecord_WhenExists" computerName="DESKTOP-3RCIOOK" duration="00:00:00.0135981" startTime="2025-10-20T23:46:12.2027457+03:00" endTime="2025-10-20T23:46:12.2162158+03:00" testType="13cdc9d9-ddb5-4fa4-a97d-d965ccfc6d4b" outcome="Passed" testListId="8c84fa94-04c1-424b-9868-57a2d4851a1d" relativeResultsDirectory="7aca6eb0-c178-4d80-a64a-1f92948c86ae" />
    <UnitTestResult executionId="8a27c5ad-59f4-495e-b44e-9b2c24f49939" testId="0582d94d-e3db-e832-9a52-afe3220335f8" testName="UnitTests.TestRepositories.TestAdministratorRepository.GetAdministratorByPhoneNumberAsync_ShouldReturnAdministrator_WhenExists" computerName="DESKTOP-3RCIOOK" duration="00:00:00.0519067" startTime="2025-10-20T23:46:11.9950346+03:00" endTime="2025-10-20T23:46:12.0466574+03:00" testType="13cdc9d9-ddb5-4fa4-a97d-d965ccfc6d4b" outcome="Passed" testListId="8c84fa94-04c1-424b-9868-57a2d4851a1d" relativeResultsDirectory="8a27c5ad-59f4-495e-b44e-9b2c24f49939" />
    <UnitTestResult executionId="76f0b866-fc77-49b5-9579-ce320a378075" testId="23d65b5e-504a-9aff-b28a-dd5e50e15f8f" testName="UnitTests.TestServices.TestEmployeeService.CreateEmployeeAsync_ShouldThrowArgumentNull_WhenEmployeeIsNull" computerName="DESKTOP-3RCIOOK" duration="00:00:00.0121335" startTime="2025-10-20T23:46:11.9573962+03:00" endTime="2025-10-20T23:46:11.9700043+03:00" testType="13cdc9d9-ddb5-4fa4-a97d-d965ccfc6d4b" outcome="Passed" testListId="8c84fa94-04c1-424b-9868-57a2d4851a1d" relativeResultsDirectory="76f0b866-fc77-49b5-9579-ce320a378075" />
    <UnitTestResult executionId="58656cdb-7f51-49cc-a9d5-58ab4dcac627" testId="77c89403-06f1-bf4c-5d18-9f497499d62d" testName="UnitTests.TestRepositories.TestClientRepository.CreateClientAsync_ShouldAddClientToDatabase" computerName="DESKTOP-3RCIOOK" duration="00:00:00.0071019" startTime="2025-10-20T23:46:12.0594814+03:00" endTime="2025-10-20T23:46:12.0641032+03:00" testType="13cdc9d9-ddb5-4fa4-a97d-d965ccfc6d4b" outcome="Passed" testListId="8c84fa94-04c1-424b-9868-57a2d4851a1d" relativeResultsDirectory="58656cdb-7f51-49cc-a9d5-58ab4dcac627" />
    <UnitTestResult executionId="e9c8302c-b865-4a76-985b-496e128710f1" testId="f63afbf6-729a-b1e2-def4-4b41e82ec9e3" testName="UnitTests.TestRepositories.TestPlantRepository.UpdatePlantAsync_ShouldThrowArgumentNullException" computerName="DESKTOP-3RCIOOK" duration="00:00:00.0059447" startTime="2025-10-20T23:46:12.2171366+03:00" endTime="2025-10-20T23:46:12.2231988+03:00" testType="13cdc9d9-ddb5-4fa4-a97d-d965ccfc6d4b" outcome="Passed" testListId="8c84fa94-04c1-424b-9868-57a2d4851a1d" relativeResultsDirectory="e9c8302c-b865-4a76-985b-496e128710f1" />
    <UnitTestResult executionId="941eaa0a-9eeb-4005-b00d-06fc67857087" testId="436106ca-9af8-44b5-4a28-dd3f26075f95" testName="UnitTests.TestRepositories.TestGrowthStageRepository.UpdateGrowthStageAsync_ShouldThrowNotFoundException_WhenNotExists" computerName="DESKTOP-3RCIOOK" duration="00:00:00.0037429" startTime="2025-10-20T23:46:12.0991238+03:00" endTime="2025-10-20T23:46:12.1034084+03:00" testType="13cdc9d9-ddb5-4fa4-a97d-d965ccfc6d4b" outcome="Passed" testListId="8c84fa94-04c1-424b-9868-57a2d4851a1d" relativeResultsDirectory="941eaa0a-9eeb-4005-b00d-06fc67857087" />
    <UnitTestResult executionId="e4339786-7369-468a-abb6-17328c9ca2a7" testId="98b795ad-1ee9-9be0-8058-d868e2767bad" testName="UnitTests.TestRepositories.TestPlantRepository.CreatePlantAsync_ShouldAddPlant" computerName="DESKTOP-3RCIOOK" duration="00:00:00.0060606" startTime="2025-10-20T23:46:12.3320841+03:00" endTime="2025-10-20T23:46:12.3379429+03:00" testType="13cdc9d9-ddb5-4fa4-a97d-d965ccfc6d4b" outcome="Passed" testListId="8c84fa94-04c1-424b-9868-57a2d4851a1d" relativeResultsDirectory="e4339786-7369-468a-abb6-17328c9ca2a7" />
    <UnitTestResult executionId="ff87e0fe-2604-40cc-8c77-c400219e347f" testId="74a29fcd-c6de-a7f3-d811-20eaeec75bf3" testName="UnitTests.TestServices.TestPlantService.CreatePlantAsync_ShouldThrowArgumentNullException_WhenPlantIsNull" computerName="DESKTOP-3RCIOOK" duration="00:00:00.0015403" startTime="2025-10-20T23:46:10.8354177+03:00" endTime="2025-10-20T23:46:10.8356495+03:00" testType="13cdc9d9-ddb5-4fa4-a97d-d965ccfc6d4b" outcome="Passed" testListId="8c84fa94-04c1-424b-9868-57a2d4851a1d" relativeResultsDirectory="ff87e0fe-2604-40cc-8c77-c400219e347f" />
    <UnitTestResult executionId="28769601-89e4-47af-9312-89b8b2a20cd3" testId="862a5fc4-d692-dc49-026d-14fe8f7a3038" testName="UnitTests.TestRepositories.TestSeedRepository.GetSeedsByMaturityAsync_ShouldReturnSeeds" computerName="DESKTOP-3RCIOOK" duration="00:00:00.0180570" startTime="2025-10-20T23:46:12.2131662+03:00" endTime="2025-10-20T23:46:12.2308512+03:00" testType="13cdc9d9-ddb5-4fa4-a97d-d965ccfc6d4b" outcome="Passed" testListId="8c84fa94-04c1-424b-9868-57a2d4851a1d" relativeResultsDirectory="28769601-89e4-47af-9312-89b8b2a20cd3" />
    <UnitTestResult executionId="52d74dcf-00ae-44d7-889b-6e1d8892391f" testId="cf7e196f-4122-41a1-8fc2-9f5c95c58e6f" testName="UnitTests.TestServices.TestEmployeeService.AssignEmployeeToPlantAsync_ShouldThrowKeyNotFound_WhenPlantNotFound" computerName="DESKTOP-3RCIOOK" duration="00:00:00.0050215" startTime="2025-10-20T23:46:12.0065710+03:00" endTime="2025-10-20T23:46:12.0090040+03:00" testType="13cdc9d9-ddb5-4fa4-a97d-d965ccfc6d4b" outcome="Passed" testListId="8c84fa94-04c1-424b-9868-57a2d4851a1d" relativeResultsDirectory="52d74dcf-00ae-44d7-889b-6e1d8892391f" />
    <UnitTestResult executionId="4ce99bb3-d1cf-4bb2-b17a-11f088d3835d" testId="346cc696-e872-7dba-1a70-71e5c6eb231a" testName="UnitTests.TestRepositories.TestSeedRepository.UpdateSeedAsync_ShouldUpdateSeed" computerName="DESKTOP-3RCIOOK" duration="00:00:00.0246920" startTime="2025-10-20T23:46:12.2486645+03:00" endTime="2025-10-20T23:46:12.2708136+03:00" testType="13cdc9d9-ddb5-4fa4-a97d-d965ccfc6d4b" outcome="Passed" testListId="8c84fa94-04c1-424b-9868-57a2d4851a1d" relativeResultsDirectory="4ce99bb3-d1cf-4bb2-b17a-11f088d3835d" />
    <UnitTestResult executionId="74f999a7-7cf0-4087-8270-880bcb991f22" testId="a8356f51-02c5-0027-fcc4-fd0da8048d73" testName="UnitTests.TestRepositories.TestEmployeeRepository.GetEmployeesByPlantDomainAsync_ShouldReturnEmployees" computerName="DESKTOP-3RCIOOK" duration="00:00:00.0911339" startTime="2025-10-20T23:46:11.9643733+03:00" endTime="2025-10-20T23:46:12.0535343+03:00" testType="13cdc9d9-ddb5-4fa4-a97d-d965ccfc6d4b" outcome="Passed" testListId="8c84fa94-04c1-424b-9868-57a2d4851a1d" relativeResultsDirectory="74f999a7-7cf0-4087-8270-880bcb991f22" />
    <UnitTestResult executionId="6b64976c-c104-4911-92b4-cdfcb7045475" testId="cc4d43a8-6ed9-4310-97a7-dc8c81cfe5d9" testName="UnitTests.TestRepositories.TestEmployeeRepository.GetAllEmployeesAsync_ShouldReturnAllEmployees" computerName="DESKTOP-3RCIOOK" duration="00:00:00.0221434" startTime="2025-10-20T23:46:12.2500971+03:00" endTime="2025-10-20T23:46:12.2703215+03:00" testType="13cdc9d9-ddb5-4fa4-a97d-d965ccfc6d4b" outcome="Passed" testListId="8c84fa94-04c1-424b-9868-57a2d4851a1d" relativeResultsDirectory="6b64976c-c104-4911-92b4-cdfcb7045475" />
    <UnitTestResult executionId="79fe5abe-5799-44af-947c-9c05925b408f" testId="a162d96b-c45d-69dd-1f7d-fe32c83854a6" testName="UnitTests.TestRepositories.TestJournalRecordRepository.DeleteJournalRecordAsync_ShouldThrowJournalRecordNotFoundException_WhenNotExists" computerName="DESKTOP-3RCIOOK" duration="00:00:00.0083645" startTime="2025-10-20T23:46:12.2167199+03:00" endTime="2025-10-20T23:46:12.2253015+03:00" testType="13cdc9d9-ddb5-4fa4-a97d-d965ccfc6d4b" outcome="Passed" testListId="8c84fa94-04c1-424b-9868-57a2d4851a1d" relativeResultsDirectory="79fe5abe-5799-44af-947c-9c05925b408f" />
    <UnitTestResult executionId="0d68ca58-207f-4cba-a392-4bb7c0038d95" testId="c4e06c91-c489-93e5-d8ca-73d9650e7104" testName="UnitTests.TestRepositories.TestSeedRepository.GetSeedsByViabilityAsync_ShouldReturnSeeds" computerName="DESKTOP-3RCIOOK" duration="00:00:00.4942276" startTime="2025-10-20T23:46:11.6631147+03:00" endTime="2025-10-20T23:46:12.1560739+03:00" testType="13cdc9d9-ddb5-4fa4-a97d-d965ccfc6d4b" outcome="Passed" testListId="8c84fa94-04c1-424b-9868-57a2d4851a1d" relativeResultsDirectory="0d68ca58-207f-4cba-a392-4bb7c0038d95" />
    <UnitTestResult executionId="0ab5430f-4837-4bac-be2b-19ac2c43edba" testId="5344a26e-9683-4d05-507a-bb60356fddec" testName="UnitTests.TestRepositories.TestGrowthStageRepository.GetAllGrowthStagesAsync_ShouldReturnAllStages" computerName="DESKTOP-3RCIOOK" duration="00:00:00.1867719" startTime="2025-10-20T23:46:11.8665512+03:00" endTime="2025-10-20T23:46:12.0530691+03:00" testType="13cdc9d9-ddb5-4fa4-a97d-d965ccfc6d4b" outcome="Passed" testListId="8c84fa94-04c1-424b-9868-57a2d4851a1d" relativeResultsDirectory="0ab5430f-4837-4bac-be2b-19ac2c43edba" />
    <UnitTestResult executionId="85f8102a-8c58-415a-ac7f-f185824eff7a" testId="7721f01d-b7b6-8e55-2243-575f8f28dddd" testName="UnitTests.TestRepositories.TestEmployeeRepository.CreateEmployeeAsync_ShouldThrowException_WhenAdminNotExists" computerName="DESKTOP-3RCIOOK" duration="00:00:00.0237753" startTime="2025-10-20T23:46:12.0553244+03:00" endTime="2025-10-20T23:46:12.0783886+03:00" testType="13cdc9d9-ddb5-4fa4-a97d-d965ccfc6d4b" outcome="Passed" testListId="8c84fa94-04c1-424b-9868-57a2d4851a1d" relativeResultsDirectory="85f8102a-8c58-415a-ac7f-f185824eff7a" />
    <UnitTestResult executionId="8a1904d3-66f5-428c-a5c4-b3aa5a4fca9f" testId="6c053233-ef98-aecd-a41c-a704b415ef44" testName="UnitTests.TestRepositories.TestPlantRepository.GetPlantByIdAsync_ShouldReturnPlant_WhenExists" computerName="DESKTOP-3RCIOOK" duration="00:00:00.0091977" startTime="2025-10-20T23:46:12.3382175+03:00" endTime="2025-10-20T23:46:12.3472778+03:00" testType="13cdc9d9-ddb5-4fa4-a97d-d965ccfc6d4b" outcome="Passed" testListId="8c84fa94-04c1-424b-9868-57a2d4851a1d" relativeResultsDirectory="8a1904d3-66f5-428c-a5c4-b3aa5a4fca9f" />
    <UnitTestResult executionId="257cf5b1-9dfe-4638-a79e-fcc07c4e169b" testId="71b4ebb2-8f55-c1e0-a59d-4c787e428c96" testName="UnitTests.TestServices.TestEmployeeService.AssignEmployeeToPlantAsync_ShouldAssignEmployee_WhenValidData" computerName="DESKTOP-3RCIOOK" duration="00:00:00.0056949" startTime="2025-10-20T23:46:11.9975606+03:00" endTime="2025-10-20T23:46:12.0049839+03:00" testType="13cdc9d9-ddb5-4fa4-a97d-d965ccfc6d4b" outcome="Passed" testListId="8c84fa94-04c1-424b-9868-57a2d4851a1d" relativeResultsDirectory="257cf5b1-9dfe-4638-a79e-fcc07c4e169b" />
    <UnitTestResult executionId="2e5d10dc-f05b-4331-ab8f-7bae84063dc5" testId="f206e37f-4926-77dc-fb0b-ed10eff72f40" testName="UnitTests.TestRepositories.TestSeedRepository.GetPlantBySeedIdAsync_ShouldThrowSeedNotFoundException_WhenSeedNotExists" computerName="DESKTOP-3RCIOOK" duration="00:00:00.0037053" startTime="2025-10-20T23:46:12.2840981+03:00" endTime="2025-10-20T23:46:12.2873188+03:00" testType="13cdc9d9-ddb5-4fa4-a97d-d965ccfc6d4b" outcome="Passed" testListId="8c84fa94-04c1-424b-9868-57a2d4851a1d" relativeResultsDirectory="2e5d10dc-f05b-4331-ab8f-7bae84063dc5" />
    <UnitTestResult executionId="113c8e35-9d8e-4e44-ab65-465e853a4200" testId="dd725809-aa79-c7f2-2be4-c79502a7ed8d" testName="UnitTests.TestServices.TestAdministratorService.CreateAdministratorAsync_ShouldThrowException_WhenPhoneNumberExists" computerName="DESKTOP-3RCIOOK" duration="00:00:00.1261355" startTime="2025-10-20T23:46:10.6532874+03:00" endTime="2025-10-20T23:46:10.7917697+03:00" testType="13cdc9d9-ddb5-4fa4-a97d-d965ccfc6d4b" outcome="Passed" testListId="8c84fa94-04c1-424b-9868-57a2d4851a1d" relativeResultsDirectory="113c8e35-9d8e-4e44-ab65-465e853a4200" />
    <UnitTestResult executionId="81d890ae-cb2a-4280-8f3d-67b289212733" testId="ba733024-da22-5c7d-a36a-4f15f0caa2e0" testName="UnitTests.TestRepositories.TestPlantRepository.GetAllPlantsAsync_ShouldReturnAllPlants" computerName="DESKTOP-3RCIOOK" duration="00:00:00.0096820" startTime="2025-10-20T23:46:12.3180948+03:00" endTime="2025-10-20T23:46:12.3268150+03:00" testType="13cdc9d9-ddb5-4fa4-a97d-d965ccfc6d4b" outcome="Passed" testListId="8c84fa94-04c1-424b-9868-57a2d4851a1d" relativeResultsDirectory="81d890ae-cb2a-4280-8f3d-67b289212733" />
    <UnitTestResult executionId="85e7c38f-42c6-456c-aa76-48f8de5e7a98" testId="8d927059-fa39-7215-b286-f2b63ac1fc96" testName="UnitTests.TestRepositories.TestPlantRepository.GetSeedsByPlantIdAsync_ShouldReturnSeeds" computerName="DESKTOP-3RCIOOK" duration="00:00:00.0098460" startTime="2025-10-20T23:46:12.2444162+03:00" endTime="2025-10-20T23:46:12.2487585+03:00" testType="13cdc9d9-ddb5-4fa4-a97d-d965ccfc6d4b" outcome="Passed" testListId="8c84fa94-04c1-424b-9868-57a2d4851a1d" relativeResultsDirectory="85e7c38f-42c6-456c-aa76-48f8de5e7a98" />
    <UnitTestResult executionId="052f48b6-63a7-4a2c-8a05-8a7727547dba" testId="3c9e2ec8-034b-174b-2c26-9f0637a5ffa5" testName="UnitTests.TestRepositories.TestClientRepository.DeleteClientAsync_ShouldRemoveClientFromDatabase" computerName="DESKTOP-3RCIOOK" duration="00:00:00.0796098" startTime="2025-10-20T23:46:11.9868151+03:00" endTime="2025-10-20T23:46:12.0591569+03:00" testType="13cdc9d9-ddb5-4fa4-a97d-d965ccfc6d4b" outcome="Passed" testListId="8c84fa94-04c1-424b-9868-57a2d4851a1d" relativeResultsDirectory="052f48b6-63a7-4a2c-8a05-8a7727547dba" />
    <UnitTestResult executionId="87519900-cffe-4f76-9370-2439d8fa248e" testId="b40b540c-9814-addc-10e4-29424a57f4b4" testName="UnitTests.TestServices.TestPlantService.UpdatePlantAsync_ShouldThrowArgumentNullException_WhenPlantIsNull" computerName="DESKTOP-3RCIOOK" duration="00:00:00.0028273" startTime="2025-10-20T23:46:10.7961036+03:00" endTime="2025-10-20T23:46:10.8345725+03:00" testType="13cdc9d9-ddb5-4fa4-a97d-d965ccfc6d4b" outcome="Passed" testListId="8c84fa94-04c1-424b-9868-57a2d4851a1d" relativeResultsDirectory="87519900-cffe-4f76-9370-2439d8fa248e" />
    <UnitTestResult executionId="e48e391e-eb9c-4691-86c0-227a9fb5dfd2" testId="27faa0e7-ab4d-78a0-d813-0570ae7060ef" testName="UnitTests.TestServices.TestPlantService.UpdatePlantAsync_ShouldUpdatePlant_WhenValidData" computerName="DESKTOP-3RCIOOK" duration="00:00:00.0185933" startTime="2025-10-20T23:46:10.8348679+03:00" endTime="2025-10-20T23:46:10.8352894+03:00" testType="13cdc9d9-ddb5-4fa4-a97d-d965ccfc6d4b" outcome="Passed" testListId="8c84fa94-04c1-424b-9868-57a2d4851a1d" relativeResultsDirectory="e48e391e-eb9c-4691-86c0-227a9fb5dfd2" />
    <UnitTestResult executionId="ad134c69-f985-4a8f-a49e-654cafe91c29" testId="e74f6e54-e560-0c03-591e-1fa8c5b187da" testName="UnitTests.TestServices.TestPlantService.CreatePlantAsync_ShouldThrowArgumentException_WhenClientIdIsEmpty" computerName="DESKTOP-3RCIOOK" duration="00:00:00.0020527" startTime="2025-10-20T23:46:10.7934581+03:00" endTime="2025-10-20T23:46:10.7957107+03:00" testType="13cdc9d9-ddb5-4fa4-a97d-d965ccfc6d4b" outcome="Passed" testListId="8c84fa94-04c1-424b-9868-57a2d4851a1d" relativeResultsDirectory="ad134c69-f985-4a8f-a49e-654cafe91c29" />
    <UnitTestResult executionId="f08eafed-e936-4926-a339-5f66e4a58818" testId="e2384fe8-6ddc-c514-bc7e-f8e480d40e0b" testName="UnitTests.TestRepositories.TestPlantRepository.GetJournalRecordsByPlantIdAsync_ShouldReturnRecords" computerName="DESKTOP-3RCIOOK" duration="00:00:00.0317073" startTime="2025-10-20T23:46:12.1853214+03:00" endTime="2025-10-20T23:46:12.2168051+03:00" testType="13cdc9d9-ddb5-4fa4-a97d-d965ccfc6d4b" outcome="Passed" testListId="8c84fa94-04c1-424b-9868-57a2d4851a1d" relativeResultsDirectory="f08eafed-e936-4926-a339-5f66e4a58818" />
    <UnitTestResult executionId="00996f1d-1a12-4d49-abac-3bb8d0da1f9b" testId="88efda08-f493-07ad-83b8-98d64d5adaa7" testName="UnitTests.TestServices.TestSeedService.CreateSeedAsync_ShouldThrowKeyNotFoundException_WhenPlantNotFound" computerName="DESKTOP-3RCIOOK" duration="00:00:00.0282055" startTime="2025-10-20T23:46:10.7915961+03:00" endTime="2025-10-20T23:46:10.8349308+03:00" testType="13cdc9d9-ddb5-4fa4-a97d-d965ccfc6d4b" outcome="Passed" testListId="8c84fa94-04c1-424b-9868-57a2d4851a1d" relativeResultsDirectory="00996f1d-1a12-4d49-abac-3bb8d0da1f9b" />
    <UnitTestResult executionId="5fd28ef3-bf49-46b6-a0f2-0c7533fc0eaa" testId="d0813f58-c390-a06d-15ab-986b560a065c" testName="UnitTests.TestRepositories.TestSeedRepository.CreateSeedAsync_ShouldAddSeedToDatabase" computerName="DESKTOP-3RCIOOK" duration="00:00:00.0090636" startTime="2025-10-20T23:46:12.2744726+03:00" endTime="2025-10-20T23:46:12.2828411+03:00" testType="13cdc9d9-ddb5-4fa4-a97d-d965ccfc6d4b" outcome="Passed" testListId="8c84fa94-04c1-424b-9868-57a2d4851a1d" relativeResultsDirectory="5fd28ef3-bf49-46b6-a0f2-0c7533fc0eaa" />
    <UnitTestResult executionId="382ead6c-eed0-4b8d-b3fd-810209df29fe" testId="a3f2a497-85e2-971b-1b24-6e41939d2bf7" testName="UnitTests.TestRepositories.TestGrowthStageRepository.GetGrowthStageByIdAsync_ShouldReturnStage_WhenExists" computerName="DESKTOP-3RCIOOK" duration="00:00:00.0046400" startTime="2025-10-20T23:46:12.0956834+03:00" endTime="2025-10-20T23:46:12.0987754+03:00" testType="13cdc9d9-ddb5-4fa4-a97d-d965ccfc6d4b" outcome="Passed" testListId="8c84fa94-04c1-424b-9868-57a2d4851a1d" relativeResultsDirectory="382ead6c-eed0-4b8d-b3fd-810209df29fe" />
    <UnitTestResult executionId="620c3236-4d8a-4b0c-ab65-59f68e36895f" testId="f8ce4682-88ae-7ca4-07c5-ae8ef8edf855" testName="UnitTests.TestRepositories.TestClientRepository.DeleteClientAsync_ShouldThrowClientNotFoundException_WhenNotExists" computerName="DESKTOP-3RCIOOK" duration="00:00:00.0062105" startTime="2025-10-20T23:46:11.9710623+03:00" endTime="2025-10-20T23:46:11.9771109+03:00" testType="13cdc9d9-ddb5-4fa4-a97d-d965ccfc6d4b" outcome="Passed" testListId="8c84fa94-04c1-424b-9868-57a2d4851a1d" relativeResultsDirectory="620c3236-4d8a-4b0c-ab65-59f68e36895f" />
    <UnitTestResult executionId="12c35634-3800-4edf-8a89-e2fef24f83cf" testId="cddd1acc-a295-9707-d261-2be5f8c80709" testName="UnitTests.TestRepositories.TestGrowthStageRepository.DeleteGrowthStageAsync_ShouldRemoveStage" computerName="DESKTOP-3RCIOOK" duration="00:00:00.0022119" startTime="2025-10-20T23:46:12.0653956+03:00" endTime="2025-10-20T23:46:12.0668313+03:00" testType="13cdc9d9-ddb5-4fa4-a97d-d965ccfc6d4b" outcome="Passed" testListId="8c84fa94-04c1-424b-9868-57a2d4851a1d" relativeResultsDirectory="12c35634-3800-4edf-8a89-e2fef24f83cf" />
    <UnitTestResult executionId="46478120-0003-4706-b00a-00edb0eb8de5" testId="81a5857a-1233-f729-dff2-8855cd209bd7" testName="UnitTests.TestRepositories.TestEmployeeRepository.GetEmployeeByIdAsync_ShouldReturnEmployee_WhenExists" computerName="DESKTOP-3RCIOOK" duration="00:00:00.0053403" startTime="2025-10-20T23:46:12.2816530+03:00" endTime="2025-10-20T23:46:12.2868869+03:00" testType="13cdc9d9-ddb5-4fa4-a97d-d965ccfc6d4b" outcome="Passed" testListId="8c84fa94-04c1-424b-9868-57a2d4851a1d" relativeResultsDirectory="46478120-0003-4706-b00a-00edb0eb8de5" />
    <UnitTestResult executionId="8a5b9c58-40ad-4f77-8e15-6864a7c53dda" testId="9f969fd6-f3b5-2371-360f-0080822af05a" testName="UnitTests.TestRepositories.TestSeedRepository.GetAllSeedsAsync_ShouldReturnAllSeeds" computerName="DESKTOP-3RCIOOK" duration="00:00:00.0267568" startTime="2025-10-20T23:46:12.1563235+03:00" endTime="2025-10-20T23:46:12.1829779+03:00" testType="13cdc9d9-ddb5-4fa4-a97d-d965ccfc6d4b" outcome="Passed" testListId="8c84fa94-04c1-424b-9868-57a2d4851a1d" relativeResultsDirectory="8a5b9c58-40ad-4f77-8e15-6864a7c53dda" />
    <UnitTestResult executionId="4948f7ef-2e38-4bbe-9810-e5b23ee85768" testId="e31d815c-4fc7-3571-bdca-ffa163eb3bd5" testName="UnitTests.TestServices.TestGrowthStageService.CreateGrowthStageAsync_ShouldCreateGrowthStage_WhenValidData" computerName="DESKTOP-3RCIOOK" duration="00:00:00.0099028" startTime="2025-10-20T23:46:11.9473483+03:00" endTime="2025-10-20T23:46:11.9570152+03:00" testType="13cdc9d9-ddb5-4fa4-a97d-d965ccfc6d4b" outcome="Passed" testListId="8c84fa94-04c1-424b-9868-57a2d4851a1d" relativeResultsDirectory="4948f7ef-2e38-4bbe-9810-e5b23ee85768" />
    <UnitTestResult executionId="95fb66db-d383-4fed-a54c-8966d3d7e7ed" testId="ca251abc-95c3-46b3-9e37-1059bb7eb1c3" testName="UnitTests.TestRepositories.TestSeedRepository.DeleteSeedAsync_ShouldThrowSeedNotFoundException_WhenNotExists" computerName="DESKTOP-3RCIOOK" duration="00:00:00.0021405" startTime="2025-10-20T23:46:12.2918179+03:00" endTime="2025-10-20T23:46:12.2929535+03:00" testType="13cdc9d9-ddb5-4fa4-a97d-d965ccfc6d4b" outcome="Passed" testListId="8c84fa94-04c1-424b-9868-57a2d4851a1d" relativeResultsDirectory="95fb66db-d383-4fed-a54c-8966d3d7e7ed" />
    <UnitTestResult executionId="efdf7ce2-6e8a-42c1-92ce-9cb685696d3d" testId="6c5948dc-faa2-3d21-0614-0d7689ab93fb" testName="UnitTests.TestServices.TestAdministratorService.CreateAdministratorAsync_ShouldCreateAdministratorAndAuthUser_WhenValidData" computerName="DESKTOP-3RCIOOK" duration="00:00:00.4033290" startTime="2025-10-20T23:46:10.8344694+03:00" endTime="2025-10-20T23:46:11.1989747+03:00" testType="13cdc9d9-ddb5-4fa4-a97d-d965ccfc6d4b" outcome="Passed" testListId="8c84fa94-04c1-424b-9868-57a2d4851a1d" relativeResultsDirectory="efdf7ce2-6e8a-42c1-92ce-9cb685696d3d" />
    <UnitTestResult executionId="782158f2-5ee5-4614-be46-345d4e46fc79" testId="8c8cd3eb-e83e-0d5a-2726-656e0a12fadc" testName="UnitTests.TestRepositories.TestSeedRepository.DeleteSeedAsync_ShouldRemoveSeed" computerName="DESKTOP-3RCIOOK" duration="00:00:00.0110903" startTime="2025-10-20T23:46:12.2022469+03:00" endTime="2025-10-20T23:46:12.2127174+03:00" testType="13cdc9d9-ddb5-4fa4-a97d-d965ccfc6d4b" outcome="Passed" testListId="8c84fa94-04c1-424b-9868-57a2d4851a1d" relativeResultsDirectory="782158f2-5ee5-4614-be46-345d4e46fc79" />
    <UnitTestResult executionId="a1aaa05a-f7da-4369-8bad-47ddb2e97643" testId="cb4d9527-9001-eb60-4cc4-8d5744817732" testName="UnitTests.TestRepositories.TestAdministratorRepository.GetAdministratorByPhoneNumberAsync_ShouldThrowArgumentException_WhenPhoneNumberIsEmpty" computerName="DESKTOP-3RCIOOK" duration="00:00:00.2047007" startTime="2025-10-20T23:46:11.6630424+03:00" endTime="2025-10-20T23:46:11.8666362+03:00" testType="13cdc9d9-ddb5-4fa4-a97d-d965ccfc6d4b" outcome="Passed" testListId="8c84fa94-04c1-424b-9868-57a2d4851a1d" relativeResultsDirectory="a1aaa05a-f7da-4369-8bad-47ddb2e97643" />
    <UnitTestResult executionId="77566f66-13ee-4ea8-abfe-94ecdecdfae9" testId="54e9ffe0-c3ab-31a4-f21b-ec46bf07ce5e" testName="UnitTests.TestRepositories.TestJournalRecordRepository.AddJournalRecordAsync_ShouldAddRecordToDatabase" computerName="DESKTOP-3RCIOOK" duration="00:00:00.0279853" startTime="2025-10-20T23:46:12.1261965+03:00" endTime="2025-10-20T23:46:12.1534426+03:00" testType="13cdc9d9-ddb5-4fa4-a97d-d965ccfc6d4b" outcome="Passed" testListId="8c84fa94-04c1-424b-9868-57a2d4851a1d" relativeResultsDirectory="77566f66-13ee-4ea8-abfe-94ecdecdfae9" />
    <UnitTestResult executionId="2a228f7e-e8ea-4b08-a542-e15c49488921" testId="7150290a-fb29-e146-baad-22d87e61211c" testName="UnitTests.TestRepositories.TestAdministratorRepository.GetAdministratorByFullNameAsync_ShouldThrowAdministratorNotFoundException_WhenNotExists" computerName="DESKTOP-3RCIOOK" duration="00:00:00.0958307" startTime="2025-10-20T23:46:11.8679959+03:00" endTime="2025-10-20T23:46:11.9624511+03:00" testType="13cdc9d9-ddb5-4fa4-a97d-d965ccfc6d4b" outcome="Passed" testListId="8c84fa94-04c1-424b-9868-57a2d4851a1d" relativeResultsDirectory="2a228f7e-e8ea-4b08-a542-e15c49488921" />
    <UnitTestResult executionId="eccb7c82-d2a4-4d9f-ab78-0de58328c0a5" testId="265a2ea4-6726-ae95-6d9a-372d3a6e65cb" testName="UnitTests.TestServices.TestClientService.CreateClientAsync_ShouldThrowArgumentNullException_WhenClientIsNull" computerName="DESKTOP-3RCIOOK" duration="00:00:00.0016411" startTime="2025-10-20T23:46:10.7931586+03:00" endTime="2025-10-20T23:46:10.7935192+03:00" testType="13cdc9d9-ddb5-4fa4-a97d-d965ccfc6d4b" outcome="Passed" testListId="8c84fa94-04c1-424b-9868-57a2d4851a1d" relativeResultsDirectory="eccb7c82-d2a4-4d9f-ab78-0de58328c0a5" />
    <UnitTestResult executionId="8d8412ec-aed0-4990-ba16-ec417bd7c553" testId="a1c8a8e1-f5d6-45ee-585d-f012bd317bf2" testName="UnitTests.TestServices.TestEmployeeService.AssignEmployeeToPlantAsync_ShouldThrowArgumentException_WhenPlantIdIsEmpty" computerName="DESKTOP-3RCIOOK" duration="00:00:00.0018389" startTime="2025-10-20T23:46:12.0106891+03:00" endTime="2025-10-20T23:46:12.0108127+03:00" testType="13cdc9d9-ddb5-4fa4-a97d-d965ccfc6d4b" outcome="Passed" testListId="8c84fa94-04c1-424b-9868-57a2d4851a1d" relativeResultsDirectory="8d8412ec-aed0-4990-ba16-ec417bd7c553" />
    <UnitTestResult executionId="70d8ac9c-ff18-424b-aebe-b63edbd6d078" testId="67717cd4-c726-de3f-e4d9-d2071e4145a8" testName="UnitTests.TestServices.TestSeedService.UpdateSeedAsync_ShouldUpdateSeed_WhenValidData" computerName="DESKTOP-3RCIOOK" duration="00:00:00.0060327" startTime="2025-10-20T23:46:10.8352405+03:00" endTime="2025-10-20T23:46:10.8354668+03:00" testType="13cdc9d9-ddb5-4fa4-a97d-d965ccfc6d4b" outcome="Passed" testListId="8c84fa94-04c1-424b-9868-57a2d4851a1d" relativeResultsDirectory="70d8ac9c-ff18-424b-aebe-b63edbd6d078" />
    <UnitTestResult executionId="2a2675c5-cae5-4684-89d4-cec24a5e57a0" testId="5b7b0c80-1bde-638f-0bcd-1890992aa6d4" testName="UnitTests.TestRepositories.TestClientRepository.GetClientByCompanyNameAsync_ShouldReturnClient_WhenExists" computerName="DESKTOP-3RCIOOK" duration="00:00:00.0018662" startTime="2025-10-20T23:46:12.0779241+03:00" endTime="2025-10-20T23:46:12.0781163+03:00" testType="13cdc9d9-ddb5-4fa4-a97d-d965ccfc6d4b" outcome="Passed" testListId="8c84fa94-04c1-424b-9868-57a2d4851a1d" relativeResultsDirectory="2a2675c5-cae5-4684-89d4-cec24a5e57a0" />
    <UnitTestResult executionId="60e389d8-d0ab-4f6b-aeab-85e108d546a8" testId="dc05f823-92f4-2f7c-33fa-5d61563eb50b" testName="UnitTests.TestServices.TestSeedService.CreateSeedAsync_ShouldThrowArgumentNullException_WhenSeedIsNull" computerName="DESKTOP-3RCIOOK" duration="00:00:00.1138011" startTime="2025-10-20T23:46:10.6547691+03:00" endTime="2025-10-20T23:46:10.7743413+03:00" testType="13cdc9d9-ddb5-4fa4-a97d-d965ccfc6d4b" outcome="Passed" testListId="8c84fa94-04c1-424b-9868-57a2d4851a1d" relativeResultsDirectory="60e389d8-d0ab-4f6b-aeab-85e108d546a8" />
    <UnitTestResult executionId="e7c37674-7fdc-4447-a0d5-212203c092ce" testId="7624d83d-1fbe-287e-bebc-b4cc96fcc097" testName="UnitTests.TestServices.TestEmployeeService.CreateEmployeeAsync_ShouldValidateName_WhenNameIsNull" computerName="DESKTOP-3RCIOOK" duration="00:00:00.0028609" startTime="2025-10-20T23:46:12.0110725+03:00" endTime="2025-10-20T23:46:12.0144915+03:00" testType="13cdc9d9-ddb5-4fa4-a97d-d965ccfc6d4b" outcome="Passed" testListId="8c84fa94-04c1-424b-9868-57a2d4851a1d" relativeResultsDirectory="e7c37674-7fdc-4447-a0d5-212203c092ce" />
    <UnitTestResult executionId="4a791f2b-636d-43d0-af26-21501a62ae0f" testId="a4d30d61-da98-3f20-d9eb-9eb82c27e8e1" testName="UnitTests.TestServices.TestJournalRecordService.CreateJournalRecordAsync_ShouldThrowArgumentException_WhenPlantNotFound" computerName="DESKTOP-3RCIOOK" duration="00:00:00.0016897" startTime="2025-10-20T23:46:11.2603598+03:00" endTime="2025-10-20T23:46:11.2619475+03:00" testType="13cdc9d9-ddb5-4fa4-a97d-d965ccfc6d4b" outcome="Passed" testListId="8c84fa94-04c1-424b-9868-57a2d4851a1d" relativeResultsDirectory="4a791f2b-636d-43d0-af26-21501a62ae0f" />
    <UnitTestResult executionId="f96ef12b-604f-4288-be10-55161267eca7" testId="be920bbb-235d-d0bf-0302-9614d6900c1c" testName="UnitTests.TestServices.TestJournalRecordService.CreateJournalRecordAsync_ShouldThrowValidationException_WhenPlantHeightIsNegative" computerName="DESKTOP-3RCIOOK" duration="00:00:00.0022090" startTime="2025-10-20T23:46:11.2741181+03:00" endTime="2025-10-20T23:46:11.2762129+03:00" testType="13cdc9d9-ddb5-4fa4-a97d-d965ccfc6d4b" outcome="Passed" testListId="8c84fa94-04c1-424b-9868-57a2d4851a1d" relativeResultsDirectory="f96ef12b-604f-4288-be10-55161267eca7" />
    <UnitTestResult executionId="e5e699c4-44cb-4e29-8c5f-cb424039759f" testId="a8708f8c-75e9-e8e7-4ff1-a4d1e3dcf8ae" testName="UnitTests.TestServices.TestGrowthStageService.CreateGrowthStageAsync_ShouldThrowArgumentNullException_WhenGrowthStageIsNull" computerName="DESKTOP-3RCIOOK" duration="00:00:00.0112693" startTime="2025-10-20T23:46:11.9356838+03:00" endTime="2025-10-20T23:46:11.9470242+03:00" testType="13cdc9d9-ddb5-4fa4-a97d-d965ccfc6d4b" outcome="Passed" testListId="8c84fa94-04c1-424b-9868-57a2d4851a1d" relativeResultsDirectory="e5e699c4-44cb-4e29-8c5f-cb424039759f" />
    <UnitTestResult executionId="3af3f302-5b8f-4f5d-9826-3e7b5c6f699c" testId="368d95bc-e9ee-9a5c-1e7e-45d7d88bb8cc" testName="UnitTests.TestServices.TestPlantService.CreatePlantAsync_ShouldThrowArgumentException_WhenClientNotFound" computerName="DESKTOP-3RCIOOK" duration="00:00:00.1346118" startTime="2025-10-20T23:46:10.6547082+03:00" endTime="2025-10-20T23:46:10.7932468+03:00" testType="13cdc9d9-ddb5-4fa4-a97d-d965ccfc6d4b" outcome="Passed" testListId="8c84fa94-04c1-424b-9868-57a2d4851a1d" relativeResultsDirectory="3af3f302-5b8f-4f5d-9826-3e7b5c6f699c" />
    <UnitTestResult executionId="bbda53e3-277b-4135-9368-260ff85765f4" testId="d96958bd-39b4-d17a-0c8d-74cffc1b5857" testName="UnitTests.TestServices.TestEmployeeService.AssignEmployeeToPlantAsync_ShouldThrowArgumentException_WhenEmployeeIdIsEmpty" computerName="DESKTOP-3RCIOOK" duration="00:00:00.0017344" startTime="2025-10-20T23:46:12.0226933+03:00" endTime="2025-10-20T23:46:12.0242706+03:00" testType="13cdc9d9-ddb5-4fa4-a97d-d965ccfc6d4b" outcome="Passed" testListId="8c84fa94-04c1-424b-9868-57a2d4851a1d" relativeResultsDirectory="bbda53e3-277b-4135-9368-260ff85765f4" />
    <UnitTestResult executionId="9684de4a-15f4-4983-a53f-af97801c87a8" testId="b2b72c6f-caa8-d83f-efa9-48adb03653fb" testName="UnitTests.TestRepositories.TestEmployeeRepository.AssignEmployeeToPlantAsync_ShouldThrowEmployeeNotFoundException_WhenEmployeeNotExists" computerName="DESKTOP-3RCIOOK" duration="00:00:00.3007507" startTime="2025-10-20T23:46:11.6633181+03:00" endTime="2025-10-20T23:46:11.9623540+03:00" testType="13cdc9d9-ddb5-4fa4-a97d-d965ccfc6d4b" outcome="Passed" testListId="8c84fa94-04c1-424b-9868-57a2d4851a1d" relativeResultsDirectory="9684de4a-15f4-4983-a53f-af97801c87a8" />
    <UnitTestResult executionId="bb0c56db-9f4d-48c6-ae6e-afa94b7988f1" testId="7c34da21-48c7-b21a-92bf-b19265f393a6" testName="UnitTests.TestRepositories.TestPlantRepository.UpdatePlantAsync_ShouldUpdatePlant" computerName="DESKTOP-3RCIOOK" duration="00:00:00.0023385" startTime="2025-10-20T23:46:12.3270233+03:00" endTime="2025-10-20T23:46:12.3291905+03:00" testType="13cdc9d9-ddb5-4fa4-a97d-d965ccfc6d4b" outcome="Passed" testListId="8c84fa94-04c1-424b-9868-57a2d4851a1d" relativeResultsDirectory="bb0c56db-9f4d-48c6-ae6e-afa94b7988f1" />
    <UnitTestResult executionId="25bf9e89-6496-4897-af58-977a90285eca" testId="48f7bda9-7398-b7a8-469d-6bb87894ad74" testName="UnitTests.TestRepositories.TestAdministratorRepository.GetAdministratorByIdAsync_ShouldReturnAdministrator_WhenExists" computerName="DESKTOP-3RCIOOK" duration="00:00:00.0026608" startTime="2025-10-20T23:46:12.0693952+03:00" endTime="2025-10-20T23:46:12.0758754+03:00" testType="13cdc9d9-ddb5-4fa4-a97d-d965ccfc6d4b" outcome="Passed" testListId="8c84fa94-04c1-424b-9868-57a2d4851a1d" relativeResultsDirectory="25bf9e89-6496-4897-af58-977a90285eca" />
    <UnitTestResult executionId="4e96b6f2-ac95-46a0-9dac-dc1c67a083f2" testId="40a751b0-a851-0aae-23b9-72ab07b18190" testName="UnitTests.TestRepositories.TestPlantRepository.GetPlantsBySpeciesAsync_ShouldReturnPlants" computerName="DESKTOP-3RCIOOK" duration="00:00:00.0240496" startTime="2025-10-20T23:46:12.2492786+03:00" endTime="2025-10-20T23:46:12.2714309+03:00" testType="13cdc9d9-ddb5-4fa4-a97d-d965ccfc6d4b" outcome="Passed" testListId="8c84fa94-04c1-424b-9868-57a2d4851a1d" relativeResultsDirectory="4e96b6f2-ac95-46a0-9dac-dc1c67a083f2" />
    <UnitTestResult executionId="5aea8c7f-676f-440b-b532-019b8082a600" testId="500de15a-e56d-4a22-736d-50dea2153f8e" testName="UnitTests.TestRepositories.TestSeedRepository.GetSeedByIdAsync_ShouldThrowSeedNotFoundException_WhenNotExists" computerName="DESKTOP-3RCIOOK" duration="00:00:00.0140479" startTime="2025-10-20T23:46:12.2318954+03:00" endTime="2025-10-20T23:46:12.2479247+03:00" testType="13cdc9d9-ddb5-4fa4-a97d-d965ccfc6d4b" outcome="Passed" testListId="8c84fa94-04c1-424b-9868-57a2d4851a1d" relativeResultsDirectory="5aea8c7f-676f-440b-b532-019b8082a600" />
    <UnitTestResult executionId="0b14a208-9cb0-40b2-9fa9-11ee8cc9c22b" testId="354c9870-5ed3-8467-df70-d64c63d01693" testName="UnitTests.TestRepositories.TestEmployeeRepository.GetPlantsByEmployeeIdAsync_ShouldReturnPlants" computerName="DESKTOP-3RCIOOK" duration="00:00:00.0596763" startTime="2025-10-20T23:46:12.0785959+03:00" endTime="2025-10-20T23:46:12.1387991+03:00" testType="13cdc9d9-ddb5-4fa4-a97d-d965ccfc6d4b" outcome="Passed" testListId="8c84fa94-04c1-424b-9868-57a2d4851a1d" relativeResultsDirectory="0b14a208-9cb0-40b2-9fa9-11ee8cc9c22b" />
  </Results>
  <TestDefinitions>
    <UnitTest name="UnitTests.TestServices.TestSeedService.CreateSeedAsync_ShouldCreateSeed_WhenValidData" storage="c:\sem7\testing\src\unittests\bin\release\net9.0\unittests.dll" id="ab96cf88-3a50-4411-1e37-f44f6c7552bc">
      <Execution id="763ac379-91f9-48d9-9609-2707f8d509b5" />
      <TestMethod codeBase="C:\sem7\testing\src\UnitTests\bin\Release\net9.0\UnitTests.dll" adapterTypeName="executor://xunit/VsTestRunner3/netcore/" className="UnitTests.TestServices.TestSeedService" name="CreateSeedAsync_ShouldCreateSeed_WhenValidData" />
    </UnitTest>
    <UnitTest name="UnitTests.TestRepositories.TestPlantRepository.GetPlantsByFamilyAsync_ShouldReturnPlants" storage="c:\sem7\testing\src\unittests\bin\release\net9.0\unittests.dll" id="3c739415-44ff-d0d9-ad58-e7c1bacc0d9d">
      <Execution id="5e011213-147c-41d5-881f-614119218ad6" />
      <TestMethod codeBase="C:\sem7\testing\src\UnitTests\bin\Release\net9.0\UnitTests.dll" adapterTypeName="executor://xunit/VsTestRunner3/netcore/" className="UnitTests.TestRepositories.TestPlantRepository" name="GetPlantsByFamilyAsync_ShouldReturnPlants" />
    </UnitTest>
    <UnitTest name="UnitTests.TestServices.TestEmployeeService.AssignEmployeeToPlantAsync_ShouldThrowKeyNotFound_WhenPlantNotFound" storage="c:\sem7\testing\src\unittests\bin\release\net9.0\unittests.dll" id="cf7e196f-4122-41a1-8fc2-9f5c95c58e6f">
      <Execution id="52d74dcf-00ae-44d7-889b-6e1d8892391f" />
      <TestMethod codeBase="C:\sem7\testing\src\UnitTests\bin\Release\net9.0\UnitTests.dll" adapterTypeName="executor://xunit/VsTestRunner3/netcore/" className="UnitTests.TestServices.TestEmployeeService" name="AssignEmployeeToPlantAsync_ShouldThrowKeyNotFound_WhenPlantNotFound" />
    </UnitTest>
    <UnitTest name="UnitTests.TestRepositories.TestPlantRepository.UpdatePlantAsync_ShouldThrowNotFoundException_WhenNotExists" storage="c:\sem7\testing\src\unittests\bin\release\net9.0\unittests.dll" id="1f9eee8c-dc46-6611-0d40-e2c0c286cb02">
      <Execution id="48adb9fe-c7ac-4ae1-a4ee-cc4abea08378" />
      <TestMethod codeBase="C:\sem7\testing\src\UnitTests\bin\Release\net9.0\UnitTests.dll" adapterTypeName="executor://xunit/VsTestRunner3/netcore/" className="UnitTests.TestRepositories.TestPlantRepository" name="UpdatePlantAsync_ShouldThrowNotFoundException_WhenNotExists" />
    </UnitTest>
    <UnitTest name="UnitTests.TestRepositories.TestSeedRepository.CreateSeedAsync_ShouldThrowArgumentNullException_WhenSeedIsNull" storage="c:\sem7\testing\src\unittests\bin\release\net9.0\unittests.dll" id="f1971210-4c5d-d461-d488-a45884580985">
      <Execution id="ddbd1707-0b56-4b4f-8707-483545e0ca41" />
      <TestMethod codeBase="C:\sem7\testing\src\UnitTests\bin\Release\net9.0\UnitTests.dll" adapterTypeName="executor://xunit/VsTestRunner3/netcore/" className="UnitTests.TestRepositories.TestSeedRepository" name="CreateSeedAsync_ShouldThrowArgumentNullException_WhenSeedIsNull" />
    </UnitTest>
    <UnitTest name="UnitTests.TestRepositories.TestJournalRecordRepository.AddJournalRecordAsync_ShouldAddRecordToDatabase" storage="c:\sem7\testing\src\unittests\bin\release\net9.0\unittests.dll" id="54e9ffe0-c3ab-31a4-f21b-ec46bf07ce5e">
      <Execution id="77566f66-13ee-4ea8-abfe-94ecdecdfae9" />
      <TestMethod codeBase="C:\sem7\testing\src\UnitTests\bin\Release\net9.0\UnitTests.dll" adapterTypeName="executor://xunit/VsTestRunner3/netcore/" className="UnitTests.TestRepositories.TestJournalRecordRepository" name="AddJournalRecordAsync_ShouldAddRecordToDatabase" />
    </UnitTest>
    <UnitTest name="UnitTests.TestRepositories.TestClientRepository.DeleteClientAsync_ShouldRemoveClientFromDatabase" storage="c:\sem7\testing\src\unittests\bin\release\net9.0\unittests.dll" id="3c9e2ec8-034b-174b-2c26-9f0637a5ffa5">
      <Execution id="052f48b6-63a7-4a2c-8a05-8a7727547dba" />
      <TestMethod codeBase="C:\sem7\testing\src\UnitTests\bin\Release\net9.0\UnitTests.dll" adapterTypeName="executor://xunit/VsTestRunner3/netcore/" className="UnitTests.TestRepositories.TestClientRepository" name="DeleteClientAsync_ShouldRemoveClientFromDatabase" />
    </UnitTest>
    <UnitTest name="UnitTests.TestRepositories.TestClientRepository.DeleteClientAsync_ShouldThrowClientNotFoundException_WhenNotExists" storage="c:\sem7\testing\src\unittests\bin\release\net9.0\unittests.dll" id="f8ce4682-88ae-7ca4-07c5-ae8ef8edf855">
      <Execution id="620c3236-4d8a-4b0c-ab65-59f68e36895f" />
      <TestMethod codeBase="C:\sem7\testing\src\UnitTests\bin\Release\net9.0\UnitTests.dll" adapterTypeName="executor://xunit/VsTestRunner3/netcore/" className="UnitTests.TestRepositories.TestClientRepository" name="DeleteClientAsync_ShouldThrowClientNotFoundException_WhenNotExists" />
    </UnitTest>
    <UnitTest name="UnitTests.TestServices.TestJournalRecordService.CreateJournalRecordAsync_ShouldThrowValidationException_WhenFruitCountIsNegative" storage="c:\sem7\testing\src\unittests\bin\release\net9.0\unittests.dll" id="eccc2ee2-7d2a-0d59-80c7-775931f96ce3">
      <Execution id="bba6155a-57a4-4829-bb4e-55ffa12bf9e2" />
      <TestMethod codeBase="C:\sem7\testing\src\UnitTests\bin\Release\net9.0\UnitTests.dll" adapterTypeName="executor://xunit/VsTestRunner3/netcore/" className="UnitTests.TestServices.TestJournalRecordService" name="CreateJournalRecordAsync_ShouldThrowValidationException_WhenFruitCountIsNegative" />
    </UnitTest>
    <UnitTest name="UnitTests.TestServices.TestPlantService.UpdatePlantAsync_ShouldThrowArgumentNullException_WhenPlantIsNull" storage="c:\sem7\testing\src\unittests\bin\release\net9.0\unittests.dll" id="b40b540c-9814-addc-10e4-29424a57f4b4">
      <Execution id="87519900-cffe-4f76-9370-2439d8fa248e" />
      <TestMethod codeBase="C:\sem7\testing\src\UnitTests\bin\Release\net9.0\UnitTests.dll" adapterTypeName="executor://xunit/VsTestRunner3/netcore/" className="UnitTests.TestServices.TestPlantService" name="UpdatePlantAsync_ShouldThrowArgumentNullException_WhenPlantIsNull" />
    </UnitTest>
    <UnitTest name="UnitTests.TestRepositories.TestGrowthStageRepository.CreateGrowthStageAsync_ShouldThrowArgumentNullException" storage="c:\sem7\testing\src\unittests\bin\release\net9.0\unittests.dll" id="4b9a3cb8-afef-5da5-4b76-598bb468afb4">
      <Execution id="f0647008-93ed-4e60-a763-c23e4ad6091f" />
      <TestMethod codeBase="C:\sem7\testing\src\UnitTests\bin\Release\net9.0\UnitTests.dll" adapterTypeName="executor://xunit/VsTestRunner3/netcore/" className="UnitTests.TestRepositories.TestGrowthStageRepository" name="CreateGrowthStageAsync_ShouldThrowArgumentNullException" />
    </UnitTest>
    <UnitTest name="UnitTests.TestRepositories.TestEmployeeRepository.GetPlantsByEmployeeIdAsync_ShouldReturnPlants" storage="c:\sem7\testing\src\unittests\bin\release\net9.0\unittests.dll" id="354c9870-5ed3-8467-df70-d64c63d01693">
      <Execution id="0b14a208-9cb0-40b2-9fa9-11ee8cc9c22b" />
      <TestMethod codeBase="C:\sem7\testing\src\UnitTests\bin\Release\net9.0\UnitTests.dll" adapterTypeName="executor://xunit/VsTestRunner3/netcore/" className="UnitTests.TestRepositories.TestEmployeeRepository" name="GetPlantsByEmployeeIdAsync_ShouldReturnPlants" />
    </UnitTest>
    <UnitTest name="UnitTests.TestRepositories.TestEmployeeRepository.GetEmployeeByIdAsync_ShouldThrowEmployeeNotFoundException_WhenNotExists" storage="c:\sem7\testing\src\unittests\bin\release\net9.0\unittests.dll" id="4e013d59-723e-df14-86d3-0f96b3558aac">
      <Execution id="dd748f42-715d-45c7-a2f4-b81c5cc64145" />
      <TestMethod codeBase="C:\sem7\testing\src\UnitTests\bin\Release\net9.0\UnitTests.dll" adapterTypeName="executor://xunit/VsTestRunner3/netcore/" className="UnitTests.TestRepositories.TestEmployeeRepository" name="GetEmployeeByIdAsync_ShouldThrowEmployeeNotFoundException_WhenNotExists" />
    </UnitTest>
    <UnitTest name="UnitTests.TestRepositories.TestAdministratorRepository.GetAdministratorByIdAsync_ShouldThrowAdministratorNotFoundException_WhenNotExists" storage="c:\sem7\testing\src\unittests\bin\release\net9.0\unittests.dll" id="6a607042-9eab-7d82-0acb-5a6beaa71a11">
      <Execution id="011cd9a2-e805-4931-b3be-bf1c15a2285c" />
      <TestMethod codeBase="C:\sem7\testing\src\UnitTests\bin\Release\net9.0\UnitTests.dll" adapterTypeName="executor://xunit/VsTestRunner3/netcore/" className="UnitTests.TestRepositories.TestAdministratorRepository" name="GetAdministratorByIdAsync_ShouldThrowAdministratorNotFoundException_WhenNotExists" />
    </UnitTest>
    <UnitTest name="UnitTests.TestRepositories.TestAdministratorRepository.GetAdministratorByPhoneNumberAsync_ShouldReturnAdministrator_WhenExists" storage="c:\sem7\testing\src\unittests\bin\release\net9.0\unittests.dll" id="0582d94d-e3db-e832-9a52-afe3220335f8">
      <Execution id="8a27c5ad-59f4-495e-b44e-9b2c24f49939" />
      <TestMethod codeBase="C:\sem7\testing\src\UnitTests\bin\Release\net9.0\UnitTests.dll" adapterTypeName="executor://xunit/VsTestRunner3/netcore/" className="UnitTests.TestRepositories.TestAdministratorRepository" name="GetAdministratorByPhoneNumberAsync_ShouldReturnAdministrator_WhenExists" />
    </UnitTest>
    <UnitTest name="UnitTests.TestServices.TestJournalRecordService.CreateJournalRecordAsync_ShouldThrowValidationException_WhenDateIsInFuture" storage="c:\sem7\testing\src\unittests\bin\release\net9.0\unittests.dll" id="fd0d744c-43d4-11bf-9ded-a6d816d066ec">
      <Execution id="15e9e540-35aa-42ba-bd67-8253671c5135" />
      <TestMethod codeBase="C:\sem7\testing\src\UnitTests\bin\Release\net9.0\UnitTests.dll" adapterTypeName="executor://xunit/VsTestRunner3/netcore/" className="UnitTests.TestServices.TestJournalRecordService" name="CreateJournalRecordAsync_ShouldThrowValidationException_WhenDateIsInFuture" />
    </UnitTest>
    <UnitTest name="UnitTests.TestRepositories.TestPlantRepository.GetPlantByIdAsync_ShouldThrowNotFoundException_WhenNotExists" storage="c:\sem7\testing\src\unittests\bin\release\net9.0\unittests.dll" id="efa81904-f5c8-88b1-ce75-d94462029968">
      <Execution id="9383e0e5-9106-4bc1-8215-4d1e6fa3e8a9" />
      <TestMethod codeBase="C:\sem7\testing\src\UnitTests\bin\Release\net9.0\UnitTests.dll" adapterTypeName="executor://xunit/VsTestRunner3/netcore/" className="UnitTests.TestRepositories.TestPlantRepository" name="GetPlantByIdAsync_ShouldThrowNotFoundException_WhenNotExists" />
    </UnitTest>
    <UnitTest name="UnitTests.TestRepositories.TestEmployeeRepository.CreateEmployeeAsync_ShouldThrowException_WhenAdminNotExists" storage="c:\sem7\testing\src\unittests\bin\release\net9.0\unittests.dll" id="7721f01d-b7b6-8e55-2243-575f8f28dddd">
      <Execution id="85f8102a-8c58-415a-ac7f-f185824eff7a" />
      <TestMethod codeBase="C:\sem7\testing\src\UnitTests\bin\Release\net9.0\UnitTests.dll" adapterTypeName="executor://xunit/VsTestRunner3/netcore/" className="UnitTests.TestRepositories.TestEmployeeRepository" name="CreateEmployeeAsync_ShouldThrowException_WhenAdminNotExists" />
    </UnitTest>
    <UnitTest name="UnitTests.TestServices.TestClientService.CreateClientAsync_ShouldThrowArgumentNullException_WhenClientIsNull" storage="c:\sem7\testing\src\unittests\bin\release\net9.0\unittests.dll" id="265a2ea4-6726-ae95-6d9a-372d3a6e65cb">
      <Execution id="eccb7c82-d2a4-4d9f-ab78-0de58328c0a5" />
[...]
    <TestEntry testId="be6ace29-df26-8e76-1f4b-5a9907ba980a" executionId="a7bc564a-f5e0-47ed-a237-cd702804e213" testListId="8c84fa94-04c1-424b-9868-57a2d4851a1d" />
    <TestEntry testId="236e9084-9eda-f802-b2b5-875bd8e19551" executionId="5c3bcb12-9222-40c7-9ca5-af8767b24a4c" testListId="8c84fa94-04c1-424b-9868-57a2d4851a1d" />
    <TestEntry testId="9773cee3-4b9d-25ee-13a1-61161b440c93" executionId="ed032d97-1e55-4206-957e-d95ddd78ea60" testListId="8c84fa94-04c1-424b-9868-57a2d4851a1d" />
    <TestEntry testId="4e013d59-723e-df14-86d3-0f96b3558aac" executionId="dd748f42-715d-45c7-a2f4-b81c5cc64145" testListId="8c84fa94-04c1-424b-9868-57a2d4851a1d" />
    <TestEntry testId="3c739415-44ff-d0d9-ad58-e7c1bacc0d9d" executionId="5e011213-147c-41d5-881f-614119218ad6" testListId="8c84fa94-04c1-424b-9868-57a2d4851a1d" />
    <TestEntry testId="c4a62137-8258-8bf8-be67-21720ca49ed3" executionId="8a1d3e21-45bb-4e1f-9004-b031e1815426" testListId="8c84fa94-04c1-424b-9868-57a2d4851a1d" />
    <TestEntry testId="ec5e2a13-e250-c312-79fe-d99649844bee" executionId="27d40e5b-42b7-4d8f-8999-eb6343750309" testListId="8c84fa94-04c1-424b-9868-57a2d4851a1d" />
    <TestEntry testId="1f9eee8c-dc46-6611-0d40-e2c0c286cb02" executionId="48adb9fe-c7ac-4ae1-a4ee-cc4abea08378" testListId="8c84fa94-04c1-424b-9868-57a2d4851a1d" />
    <TestEntry testId="c8f17af4-a0d5-69d1-a785-1fd6f9b61f9a" executionId="768de76c-3c30-4231-b51c-04adfeb73239" testListId="8c84fa94-04c1-424b-9868-57a2d4851a1d" />
    <TestEntry testId="3d59ad2f-f98a-6cc7-580d-e281df0b162e" executionId="eff82363-efb2-4fa2-bb53-1bbce77d3e97" testListId="8c84fa94-04c1-424b-9868-57a2d4851a1d" />
    <TestEntry testId="b8f00d1a-a418-090f-0176-f4aa969098ae" executionId="ecb446e1-9498-4afa-a70a-43a99007a517" testListId="8c84fa94-04c1-424b-9868-57a2d4851a1d" />
    <TestEntry testId="cf1c908e-b973-351d-bb21-5986d0ca7001" executionId="76cdeaaa-54a8-4358-888a-289e2ad54d85" testListId="8c84fa94-04c1-424b-9868-57a2d4851a1d" />
    <TestEntry testId="5da684ed-5f85-dd06-de47-3c2e795257ce" executionId="98d1d24d-5cc7-458d-a5de-1c24bd319c26" testListId="8c84fa94-04c1-424b-9868-57a2d4851a1d" />
    <TestEntry testId="a505df3b-88b4-e58a-c8e2-98e1847685a5" executionId="825813d6-eee8-4399-ae6d-1af7189d3cbc" testListId="8c84fa94-04c1-424b-9868-57a2d4851a1d" />
    <TestEntry testId="44a23e11-bafb-cb14-d6bf-16f09c272a9d" executionId="86331f40-0bdc-4583-8e0d-eeb900fa6080" testListId="8c84fa94-04c1-424b-9868-57a2d4851a1d" />
    <TestEntry testId="6a607042-9eab-7d82-0acb-5a6beaa71a11" executionId="011cd9a2-e805-4931-b3be-bf1c15a2285c" testListId="8c84fa94-04c1-424b-9868-57a2d4851a1d" />
    <TestEntry testId="982545cf-47ac-04aa-d0b8-bb342b4a8784" executionId="3f9896e7-b8c4-4297-bb55-fe13a9820c08" testListId="8c84fa94-04c1-424b-9868-57a2d4851a1d" />
    <TestEntry testId="9ed6371c-7f32-7c6d-639c-49fa6ee85ed8" executionId="2c92acd4-29e1-47fd-b1e5-74c6e3ec1355" testListId="8c84fa94-04c1-424b-9868-57a2d4851a1d" />
    <TestEntry testId="7538ab20-fa10-5586-1bf6-71978c691bc5" executionId="98654551-265c-4d0e-9870-7305be1f3a23" testListId="8c84fa94-04c1-424b-9868-57a2d4851a1d" />
    <TestEntry testId="4e4efb4d-5582-32f3-c67d-9222b82daa02" executionId="4108f8a2-19c4-4adf-ac05-bc4db7d21334" testListId="8c84fa94-04c1-424b-9868-57a2d4851a1d" />
    <TestEntry testId="ab002341-269e-f727-e74c-c8268222b3ae" executionId="887418f1-4c04-4dcc-aac6-94147f96e1d4" testListId="8c84fa94-04c1-424b-9868-57a2d4851a1d" />
    <TestEntry testId="45915519-ae0a-c2ae-5ce3-603171177f25" executionId="f3903e22-7098-4e89-ac5e-8581c3f5d87e" testListId="8c84fa94-04c1-424b-9868-57a2d4851a1d" />
    <TestEntry testId="48869f6b-c93c-8402-8fe4-539f619feea6" executionId="85d973bd-1e40-49fd-8869-bf53473609c8" testListId="8c84fa94-04c1-424b-9868-57a2d4851a1d" />
    <TestEntry testId="66b99ca6-2e65-52d2-4e95-7de964a77c5d" executionId="0f956b99-8d18-45bf-9b9d-653272f40db1" testListId="8c84fa94-04c1-424b-9868-57a2d4851a1d" />
    <TestEntry testId="4c61c8d1-e6e3-30a9-c6c2-0e9752b7ee8e" executionId="7abef39b-bd32-4295-8025-3d684dec00c3" testListId="8c84fa94-04c1-424b-9868-57a2d4851a1d" />
    <TestEntry testId="4b9a3cb8-afef-5da5-4b76-598bb468afb4" executionId="f0647008-93ed-4e60-a763-c23e4ad6091f" testListId="8c84fa94-04c1-424b-9868-57a2d4851a1d" />
    <TestEntry testId="87b1d8f4-c6c1-254a-f195-6f314b2a222c" executionId="36e06c09-e40d-48da-8d44-df62696dee9b" testListId="8c84fa94-04c1-424b-9868-57a2d4851a1d" />
    <TestEntry testId="28f6d1f6-28e8-3fa6-de29-736b9d33834f" executionId="8f4edbf5-11b5-4f28-8d2c-96541e94247c" testListId="8c84fa94-04c1-424b-9868-57a2d4851a1d" />
    <TestEntry testId="09ea9d35-8d86-0647-3a17-d5ab81472d1c" executionId="077cbb8e-b9e8-43c7-9178-3522168c6ca6" testListId="8c84fa94-04c1-424b-9868-57a2d4851a1d" />
    <TestEntry testId="8c8ef20e-aaa7-2480-af92-5f720d9ae7b2" executionId="fc9f6514-6ddc-4586-84e9-db16e8c8e2f6" testListId="8c84fa94-04c1-424b-9868-57a2d4851a1d" />
    <TestEntry testId="d9c79d15-6134-9512-0a4c-273b81c500e2" executionId="1d17223d-f12b-420f-a1dd-5ae17532ff68" testListId="8c84fa94-04c1-424b-9868-57a2d4851a1d" />
    <TestEntry testId="3a8c6fba-6f90-3822-81a1-5f21ed651a20" executionId="d0145a5c-4d72-4b7e-ad78-55bed7cdbce3" testListId="8c84fa94-04c1-424b-9868-57a2d4851a1d" />
    <TestEntry testId="f697c934-2b00-d4d2-5e02-8615c293fbcd" executionId="34732ea6-03ce-49dc-a059-5e391b43f2c1" testListId="8c84fa94-04c1-424b-9868-57a2d4851a1d" />
    <TestEntry testId="ebcc92cb-ca45-d06a-044f-a877e9c3d82c" executionId="677ffcf7-6595-41bc-9ff0-eede87baddf1" testListId="8c84fa94-04c1-424b-9868-57a2d4851a1d" />
    <TestEntry testId="0f350021-7e48-5471-0794-ad97be3d478a" executionId="9bf4fd63-7581-46d4-8dea-3bc45a228dde" testListId="8c84fa94-04c1-424b-9868-57a2d4851a1d" />
    <TestEntry testId="28ac0acb-6d79-364c-2fa0-6d9f84ba6fb7" executionId="40e8fd75-1a53-4a8e-9aff-a0bc3306fa7d" testListId="8c84fa94-04c1-424b-9868-57a2d4851a1d" />
    <TestEntry testId="bc4e8cda-caf4-159b-1d34-4c1b6f910af1" executionId="132834b2-1039-4c36-a8e2-f9cd64a76ac3" testListId="8c84fa94-04c1-424b-9868-57a2d4851a1d" />
    <TestEntry testId="e5711005-9d61-91a6-a63c-76263aec1d00" executionId="284c9828-d75e-4b7e-841a-5343ad74ee44" testListId="8c84fa94-04c1-424b-9868-57a2d4851a1d" />
    <TestEntry testId="8b31d294-f9a2-be78-e1e7-6032b5d1f020" executionId="4f8a4a39-efa8-4640-b456-2edcc8a45a24" testListId="8c84fa94-04c1-424b-9868-57a2d4851a1d" />
    <TestEntry testId="fd0d744c-43d4-11bf-9ded-a6d816d066ec" executionId="15e9e540-35aa-42ba-bd67-8253671c5135" testListId="8c84fa94-04c1-424b-9868-57a2d4851a1d" />
    <TestEntry testId="dafe8134-2262-6171-f32d-0a1b36d5348d" executionId="298e82f1-d0b8-47a3-939a-b1fc1bdc900c" testListId="8c84fa94-04c1-424b-9868-57a2d4851a1d" />
    <TestEntry testId="38a988f7-056b-6729-5e3c-5c62efcf2a75" executionId="0b23a3ab-203f-45b6-8ca4-386ceeb5147f" testListId="8c84fa94-04c1-424b-9868-57a2d4851a1d" />
    <TestEntry testId="f1971210-4c5d-d461-d488-a45884580985" executionId="ddbd1707-0b56-4b4f-8707-483545e0ca41" testListId="8c84fa94-04c1-424b-9868-57a2d4851a1d" />
    <TestEntry testId="3f23d8c4-ce20-fae7-1339-1fedc8e9c81f" executionId="b92f289d-10b5-4c2f-9f88-d93fe79e3062" testListId="8c84fa94-04c1-424b-9868-57a2d4851a1d" />
    <TestEntry testId="575359fe-585b-2570-4454-c2b273abfe7c" executionId="95196155-5425-4883-b08b-90766a2c7f27" testListId="8c84fa94-04c1-424b-9868-57a2d4851a1d" />
    <TestEntry testId="6a665dff-7df8-b673-9dcf-d0cbb3a67876" executionId="da07554a-0c45-4db7-80e3-89fd711f598f" testListId="8c84fa94-04c1-424b-9868-57a2d4851a1d" />
    <TestEntry testId="eccc2ee2-7d2a-0d59-80c7-775931f96ce3" executionId="bba6155a-57a4-4829-bb4e-55ffa12bf9e2" testListId="8c84fa94-04c1-424b-9868-57a2d4851a1d" />
    <TestEntry testId="e4ed4569-9ad7-7be1-c756-e2c45b3d10b7" executionId="3100aeba-04ce-411f-a5fb-65bccf15ab05" testListId="8c84fa94-04c1-424b-9868-57a2d4851a1d" />
    <TestEntry testId="73bb0aea-ca6f-57d9-e434-60a354f7f81b" executionId="be82c40b-4572-44f1-884b-7d9ff00381ad" testListId="8c84fa94-04c1-424b-9868-57a2d4851a1d" />
    <TestEntry testId="b36d9eaf-d35d-a4e6-e52e-100c9087f6c3" executionId="cae7163d-e929-4d2f-af31-b9573a144f9f" testListId="8c84fa94-04c1-424b-9868-57a2d4851a1d" />
    <TestEntry testId="a33f7474-f5e8-e7b3-c277-7425d5a7566f" executionId="0496ca80-49f7-43bc-b5bf-b68f71c80bb4" testListId="8c84fa94-04c1-424b-9868-57a2d4851a1d" />
    <TestEntry testId="81dd42d1-9f1b-d63d-583f-3bf4c35b83a0" executionId="42288cec-7692-444f-97d7-495d7190be98" testListId="8c84fa94-04c1-424b-9868-57a2d4851a1d" />
    <TestEntry testId="a24193b5-09e1-e165-b4b4-d46aacfd6d8e" executionId="cc36d1ec-8ab5-4238-8ade-53a747bf75f0" testListId="8c84fa94-04c1-424b-9868-57a2d4851a1d" />
    <TestEntry testId="efa81904-f5c8-88b1-ce75-d94462029968" executionId="9383e0e5-9106-4bc1-8215-4d1e6fa3e8a9" testListId="8c84fa94-04c1-424b-9868-57a2d4851a1d" />
    <TestEntry testId="b072c353-e1c0-cdbb-9ab2-1baa66414700" executionId="b336d915-a82d-4717-ad0f-49ae05211318" testListId="8c84fa94-04c1-424b-9868-57a2d4851a1d" />
    <TestEntry testId="2ce81cc6-5925-955e-43fe-f2d19634ca01" executionId="094c30b2-a9a8-45f3-ad1c-94ed5642a0a5" testListId="8c84fa94-04c1-424b-9868-57a2d4851a1d" />
    <TestEntry testId="d5c07f73-365c-2a34-b941-93a053a06b0d" executionId="7aca6eb0-c178-4d80-a64a-1f92948c86ae" testListId="8c84fa94-04c1-424b-9868-57a2d4851a1d" />
    <TestEntry testId="0582d94d-e3db-e832-9a52-afe3220335f8" executionId="8a27c5ad-59f4-495e-b44e-9b2c24f49939" testListId="8c84fa94-04c1-424b-9868-57a2d4851a1d" />
    <TestEntry testId="23d65b5e-504a-9aff-b28a-dd5e50e15f8f" executionId="76f0b866-fc77-49b5-9579-ce320a378075" testListId="8c84fa94-04c1-424b-9868-57a2d4851a1d" />
    <TestEntry testId="77c89403-06f1-bf4c-5d18-9f497499d62d" executionId="58656cdb-7f51-49cc-a9d5-58ab4dcac627" testListId="8c84fa94-04c1-424b-9868-57a2d4851a1d" />
    <TestEntry testId="f63afbf6-729a-b1e2-def4-4b41e82ec9e3" executionId="e9c8302c-b865-4a76-985b-496e128710f1" testListId="8c84fa94-04c1-424b-9868-57a2d4851a1d" />
    <TestEntry testId="436106ca-9af8-44b5-4a28-dd3f26075f95" executionId="941eaa0a-9eeb-4005-b00d-06fc67857087" testListId="8c84fa94-04c1-424b-9868-57a2d4851a1d" />
    <TestEntry testId="98b795ad-1ee9-9be0-8058-d868e2767bad" executionId="e4339786-7369-468a-abb6-17328c9ca2a7" testListId="8c84fa94-04c1-424b-9868-57a2d4851a1d" />
    <TestEntry testId="74a29fcd-c6de-a7f3-d811-20eaeec75bf3" executionId="ff87e0fe-2604-40cc-8c77-c400219e347f" testListId="8c84fa94-04c1-424b-9868-57a2d4851a1d" />
    <TestEntry testId="862a5fc4-d692-dc49-026d-14fe8f7a3038" executionId="28769601-89e4-47af-9312-89b8b2a20cd3" testListId="8c84fa94-04c1-424b-9868-57a2d4851a1d" />
    <TestEntry testId="cf7e196f-4122-41a1-8fc2-9f5c95c58e6f" executionId="52d74dcf-00ae-44d7-889b-6e1d8892391f" testListId="8c84fa94-04c1-424b-9868-57a2d4851a1d" />
    <TestEntry testId="346cc696-e872-7dba-1a70-71e5c6eb231a" executionId="4ce99bb3-d1cf-4bb2-b17a-11f088d3835d" testListId="8c84fa94-04c1-424b-9868-57a2d4851a1d" />
    <TestEntry testId="a8356f51-02c5-0027-fcc4-fd0da8048d73" executionId="74f999a7-7cf0-4087-8270-880bcb991f22" testListId="8c84fa94-04c1-424b-9868-57a2d4851a1d" />
    <TestEntry testId="cc4d43a8-6ed9-4310-97a7-dc8c81cfe5d9" executionId="6b64976c-c104-4911-92b4-cdfcb7045475" testListId="8c84fa94-04c1-424b-9868-57a2d4851a1d" />
    <TestEntry testId="a162d96b-c45d-69dd-1f7d-fe32c83854a6" executionId="79fe5abe-5799-44af-947c-9c05925b408f" testListId="8c84fa94-04c1-424b-9868-57a2d4851a1d" />
    <TestEntry testId="c4e06c91-c489-93e5-d8ca-73d9650e7104" executionId="0d68ca58-207f-4cba-a392-4bb7c0038d95" testListId="8c84fa94-04c1-424b-9868-57a2d4851a1d" />
    <TestEntry testId="5344a26e-9683-4d05-507a-bb60356fddec" executionId="0ab5430f-4837-4bac-be2b-19ac2c43edba" testListId="8c84fa94-04c1-424b-9868-57a2d4851a1d" />
    <TestEntry testId="7721f01d-b7b6-8e55-2243-575f8f28dddd" executionId="85f8102a-8c58-415a-ac7f-f185824eff7a" testListId="8c84fa94-04c1-424b-9868-57a2d4851a1d" />
    <TestEntry testId="6c053233-ef98-aecd-a41c-a704b415ef44" executionId="8a1904d3-66f5-428c-a5c4-b3aa5a4fca9f" testListId="8c84fa94-04c1-424b-9868-57a2d4851a1d" />
    <TestEntry testId="71b4ebb2-8f55-c1e0-a59d-4c787e428c96" executionId="257cf5b1-9dfe-4638-a79e-fcc07c4e169b" testListId="8c84fa94-04c1-424b-9868-57a2d4851a1d" />
    <TestEntry testId="f206e37f-4926-77dc-fb0b-ed10eff72f40" executionId="2e5d10dc-f05b-4331-ab8f-7bae84063dc5" testListId="8c84fa94-04c1-424b-9868-57a2d4851a1d" />
    <TestEntry testId="dd725809-aa79-c7f2-2be4-c79502a7ed8d" executionId="113c8e35-9d8e-4e44-ab65-465e853a4200" testListId="8c84fa94-04c1-424b-9868-57a2d4851a1d" />
    <TestEntry testId="ba733024-da22-5c7d-a36a-4f15f0caa2e0" executionId="81d890ae-cb2a-4280-8f3d-67b289212733" testListId="8c84fa94-04c1-424b-9868-57a2d4851a1d" />
    <TestEntry testId="8d927059-fa39-7215-b286-f2b63ac1fc96" executionId="85e7c38f-42c6-456c-aa76-48f8de5e7a98" testListId="8c84fa94-04c1-424b-9868-57a2d4851a1d" />
    <TestEntry testId="3c9e2ec8-034b-174b-2c26-9f0637a5ffa5" executionId="052f48b6-63a7-4a2c-8a05-8a7727547dba" testListId="8c84fa94-04c1-424b-9868-57a2d4851a1d" />
    <TestEntry testId="b40b540c-9814-addc-10e4-29424a57f4b4" executionId="87519900-cffe-4f76-9370-2439d8fa248e" testListId="8c84fa94-04c1-424b-9868-57a2d4851a1d" />
    <TestEntry testId="27faa0e7-ab4d-78a0-d813-0570ae7060ef" executionId="e48e391e-eb9c-4691-86c0-227a9fb5dfd2" testListId="8c84fa94-04c1-424b-9868-57a2d4851a1d" />
    <TestEntry testId="e74f6e54-e560-0c03-591e-1fa8c5b187da" executionId="ad134c69-f985-4a8f-a49e-654cafe91c29" testListId="8c84fa94-04c1-424b-9868-57a2d4851a1d" />
    <TestEntry testId="e2384fe8-6ddc-c514-bc7e-f8e480d40e0b" executionId="f08eafed-e936-4926-a339-5f66e4a58818" testListId="8c84fa94-04c1-424b-9868-57a2d4851a1d" />
    <TestEntry testId="88efda08-f493-07ad-83b8-98d64d5adaa7" executionId="00996f1d-1a12-4d49-abac-3bb8d0da1f9b" testListId="8c84fa94-04c1-424b-9868-57a2d4851a1d" />
    <TestEntry testId="d0813f58-c390-a06d-15ab-986b560a065c" executionId="5fd28ef3-bf49-46b6-a0f2-0c7533fc0eaa" testListId="8c84fa94-04c1-424b-9868-57a2d4851a1d" />
    <TestEntry testId="a3f2a497-85e2-971b-1b24-6e41939d2bf7" executionId="382ead6c-eed0-4b8d-b3fd-810209df29fe" testListId="8c84fa94-04c1-424b-9868-57a2d4851a1d" />
    <TestEntry testId="f8ce4682-88ae-7ca4-07c5-ae8ef8edf855" executionId="620c3236-4d8a-4b0c-ab65-59f68e36895f" testListId="8c84fa94-04c1-424b-9868-57a2d4851a1d" />
    <TestEntry testId="cddd1acc-a295-9707-d261-2be5f8c80709" executionId="12c35634-3800-4edf-8a89-e2fef24f83cf" testListId="8c84fa94-04c1-424b-9868-57a2d4851a1d" />
    <TestEntry testId="81a5857a-1233-f729-dff2-8855cd209bd7" executionId="46478120-0003-4706-b00a-00edb0eb8de5" testListId="8c84fa94-04c1-424b-9868-57a2d4851a1d" />
    <TestEntry testId="9f969fd6-f3b5-2371-360f-0080822af05a" executionId="8a5b9c58-40ad-4f77-8e15-6864a7c53dda" testListId="8c84fa94-04c1-424b-9868-57a2d4851a1d" />
    <TestEntry testId="e31d815c-4fc7-3571-bdca-ffa163eb3bd5" executionId="4948f7ef-2e38-4bbe-9810-e5b23ee85768" testListId="8c84fa94-04c1-424b-9868-57a2d4851a1d" />
    <TestEntry testId="ca251abc-95c3-46b3-9e37-1059bb7eb1c3" executionId="95fb66db-d383-4fed-a54c-8966d3d7e7ed" testListId="8c84fa94-04c1-424b-9868-57a2d4851a1d" />
    <TestEntry testId="6c5948dc-faa2-3d21-0614-0d7689ab93fb" executionId="efdf7ce2-6e8a-42c1-92ce-9cb685696d3d" testListId="8c84fa94-04c1-424b-9868-57a2d4851a1d" />
    <TestEntry testId="8c8cd3eb-e83e-0d5a-2726-656e0a12fadc" executionId="782158f2-5ee5-4614-be46-345d4e46fc79" testListId="8c84fa94-04c1-424b-9868-57a2d4851a1d" />
    <TestEntry testId="cb4d9527-9001-eb60-4cc4-8d5744817732" executionId="a1aaa05a-f7da-4369-8bad-47ddb2e97643" testListId="8c84fa94-04c1-424b-9868-57a2d4851a1d" />
    <TestEntry testId="54e9ffe0-c3ab-31a4-f21b-ec46bf07ce5e" executionId="77566f66-13ee-4ea8-abfe-94ecdecdfae9" testListId="8c84fa94-04c1-424b-9868-57a2d4851a1d" />
    <TestEntry testId="7150290a-fb29-e146-baad-22d87e61211c" executionId="2a228f7e-e8ea-4b08-a542-e15c49488921" testListId="8c84fa94-04c1-424b-9868-57a2d4851a1d" />
    <TestEntry testId="265a2ea4-6726-ae95-6d9a-372d3a6e65cb" executionId="eccb7c82-d2a4-4d9f-ab78-0de58328c0a5" testListId="8c84fa94-04c1-424b-9868-57a2d4851a1d" />
    <TestEntry testId="a1c8a8e1-f5d6-45ee-585d-f012bd317bf2" executionId="8d8412ec-aed0-4990-ba16-ec417bd7c553" testListId="8c84fa94-04c1-424b-9868-57a2d4851a1d" />
    <TestEntry testId="67717cd4-c726-de3f-e4d9-d2071e4145a8" executionId="70d8ac9c-ff18-424b-aebe-b63edbd6d078" testListId="8c84fa94-04c1-424b-9868-57a2d4851a1d" />
    <TestEntry testId="5b7b0c80-1bde-638f-0bcd-1890992aa6d4" executionId="2a2675c5-cae5-4684-89d4-cec24a5e57a0" testListId="8c84fa94-04c1-424b-9868-57a2d4851a1d" />
    <TestEntry testId="dc05f823-92f4-2f7c-33fa-5d61563eb50b" executionId="60e389d8-d0ab-4f6b-aeab-85e108d546a8" testListId="8c84fa94-04c1-424b-9868-57a2d4851a1d" />
    <TestEntry testId="7624d83d-1fbe-287e-bebc-b4cc96fcc097" executionId="e7c37674-7fdc-4447-a0d5-212203c092ce" testListId="8c84fa94-04c1-424b-9868-57a2d4851a1d" />
    <TestEntry testId="a4d30d61-da98-3f20-d9eb-9eb82c27e8e1" executionId="4a791f2b-636d-43d0-af26-21501a62ae0f" testListId="8c84fa94-04c1-424b-9868-57a2d4851a1d" />
    <TestEntry testId="be920bbb-235d-d0bf-0302-9614d6900c1c" executionId="f96ef12b-604f-4288-be10-55161267eca7" testListId="8c84fa94-04c1-424b-9868-57a2d4851a1d" />
    <TestEntry testId="a8708f8c-75e9-e8e7-4ff1-a4d1e3dcf8ae" executionId="e5e699c4-44cb-4e29-8c5f-cb424039759f" testListId="8c84fa94-04c1-424b-9868-57a2d4851a1d" />
    <TestEntry testId="368d95bc-e9ee-9a5c-1e7e-45d7d88bb8cc" executionId="3af3f302-5b8f-4f5d-9826-3e7b5c6f699c" testListId="8c84fa94-04c1-424b-9868-57a2d4851a1d" />
    <TestEntry testId="d96958bd-39b4-d17a-0c8d-74cffc1b5857" executionId="bbda53e3-277b-4135-9368-260ff85765f4" testListId="8c84fa94-04c1-424b-9868-57a2d4851a1d" />
    <TestEntry testId="b2b72c6f-caa8-d83f-efa9-48adb03653fb" executionId="9684de4a-15f4-4983-a53f-af97801c87a8" testListId="8c84fa94-04c1-424b-9868-57a2d4851a1d" />
    <TestEntry testId="7c34da21-48c7-b21a-92bf-b19265f393a6" executionId="bb0c56db-9f4d-48c6-ae6e-afa94b7988f1" testListId="8c84fa94-04c1-424b-9868-57a2d4851a1d" />
    <TestEntry testId="48f7bda9-7398-b7a8-469d-6bb87894ad74" executionId="25bf9e89-6496-4897-af58-977a90285eca" testListId="8c84fa94-04c1-424b-9868-57a2d4851a1d" />
    <TestEntry testId="40a751b0-a851-0aae-23b9-72ab07b18190" executionId="4e96b6f2-ac95-46a0-9dac-dc1c67a083f2" testListId="8c84fa94-04c1-424b-9868-57a2d4851a1d" />
    <TestEntry testId="500de15a-e56d-4a22-736d-50dea2153f8e" executionId="5aea8c7f-676f-440b-b532-019b8082a600" testListId="8c84fa94-04c1-424b-9868-57a2d4851a1d" />
    <TestEntry testId="354c9870-5ed3-8467-df70-d64c63d01693" executionId="0b14a208-9cb0-40b2-9fa9-11ee8cc9c22b" testListId="8c84fa94-04c1-424b-9868-57a2d4851a1d" />
  </TestEntries>
  <TestLists>
    <TestList name="Список результатов" id="8c84fa94-04c1-424b-9868-57a2d4851a1d" />
    <TestList name="Все загруженные результаты" id="19431567-8539-422a-85d7-44ee4e166bda" />
  </TestLists>
  <ResultSummary outcome="Completed">
    <Counters total="120" executed="120" passed="120" failed="0" error="0" timeout="0" aborted="0" inconclusive="0" passedButRunAborted="0" notRunnable="0" notExecuted="0" disconnected="0" warning="0" completed="0" inProgress="0" pending="0" />
    <Output>
      <StdOut>[xUnit.net 00:00:00.00] xUnit.net VSTest Adapter v3.0.0+e341b939fe (64-bit .NET 9.0.9)&#xD;
[xUnit.net 00:00:00.27]   Discovering: UnitTests&#xD;
[xUnit.net 00:00:00.32]   Discovered:  UnitTests&#xD;
[xUnit.net 00:00:00.34]   Starting:    UnitTests&#xD;
[xUnit.net 00:00:02.07]   Finished:    UnitTests&#xD;
</StdOut>
    </Output>
  </ResultSummary>
</TestRun>